【Fri Aug 03 2018 11:10:58 GMT+0800 (CST)】:
usdt:13.917987715185234
btc:0.004523323692144
ocn:10341.4899686
=================================
【Fri Aug 03 2018 15:46:39 GMT+0800 (CST)】:
usdt:28.961328421821234
btc:0.004523323692144
ocn:10341.4899686
=================================
【Fri Aug 03 2018 16:06:14 GMT+0800 (CST)】:
usdt:13.961328546821234
btc:0.004551437181454
ocn:7648.0799686
=================================
【Fri Aug 03 2018 16:06:18 GMT+0800 (CST)】:
usdt:28.757916066821234
btc:0.004551437181454
ocn:7648.0799686
=================================
【Fri Aug 03 2018 16:07:23 GMT+0800 (CST)】:
usdt:13.757916205821234
btc:0.002551437181454
ocn:4958.5399686
=================================
【Fri Aug 03 2018 16:07:26 GMT+0800 (CST)】:
usdt:28.530771285821234
btc:0.004583078581802
ocn:4958.5399686
=================================
【Fri Aug 03 2018 16:12:04 GMT+0800 (CST)】:
usdt:13.699351285821234
btc:0.002564282503802
ocn:2326.2485686
=================================
【Fri Aug 03 2018 16:12:07 GMT+0800 (CST)】:
usdt:13.699351285821234
btc:0.004560282503802
ocn:4958.5434286
=================================
【Fri Aug 03 2018 16:13:36 GMT+0800 (CST)】:
usdt:13.699351285821234
btc:0.006619372363218
ocn:4958.5434286
=================================
【Fri Aug 03 2018 17:09:00 GMT+0800 (CST)】:
usdt:13.699351285821234
btc:0.007167490170738
ocn:4958.5434286
=================================
【Fri Aug 03 2018 17:12:03 GMT+0800 (CST)】:
usdt:13.699351285821234
btc:0.008675295676418
ocn:4958.5434286
=================================
【Fri Aug 03 2018 18:50:40 GMT+0800 (CST)】:
usdt:13.699351285821234
btc:0.008675295676418
ocn:6404.5764668
=================================
【Fri Aug 03 2018 18:52:36 GMT+0800 (CST)】:
usdt:13.699351285821234
btc:0.008675295676418
ocn:7116.6037584
=================================
【Fri Aug 03 2018 18:56:13 GMT+0800 (CST)】:
usdt:13.699351285821234
btc:0.008675295676418
ocn:7648.0870616
=================================
【Fri Aug 03 2018 18:56:23 GMT+0800 (CST)】:
usdt:13.699351285821234
btc:0.008675295676418
ocn:7950.3428386
=================================
【Fri Aug 03 2018 19:00:04 GMT+0800 (CST)】:
usdt:13.699351285821234
btc:0.008675295676418
ocn:10341.5019366
=================================
【Fri Aug 03 2018 20:52:24 GMT+0800 (CST)】:
usdt:15.146496930353226
btc:0.008675295676418
ocn:10080.5925366
=================================
【Fri Aug 03 2018 20:55:27 GMT+0800 (CST)】:
usdt:14.861627755553226
btc:0.008716167797328
ocn:8827.6283838
=================================
【Fri Aug 03 2018 20:58:21 GMT+0800 (CST)】:
usdt:15.201359167066256
btc:0.008716167797328
ocn:8766.8878838
=================================
【Fri Aug 03 2018 20:58:25 GMT+0800 (CST)】:
usdt:0.201359193066256
btc:0.008752520442304
ocn:6079.2778838
=================================
【Fri Aug 03 2018 20:58:31 GMT+0800 (CST)】:
usdt:14.950641513066256
btc:0.008752520442304
ocn:6079.2778838
=================================
【Fri Aug 03 2018 20:59:06 GMT+0800 (CST)】:
usdt:14.950641513066256
btc:0.008752520442304
ocn:6065.3346838
=================================
【Fri Aug 03 2018 20:59:09 GMT+0800 (CST)】:
usdt:15.02862835745296
btc:0.008752520442304
ocn:6065.3346838
=================================
【Fri Aug 03 2018 21:15:41 GMT+0800 (CST)】:
usdt:15.86245735745296
btc:0.008752520442304
ocn:6065.0346838
=================================
【Fri Aug 03 2018 21:16:47 GMT+0800 (CST)】:
usdt:15.58431465245296
btc:0.008795945831444
ocn:3367.7346838
=================================
【Fri Aug 03 2018 21:21:46 GMT+0800 (CST)】:
usdt:15.58431465245296
btc:0.008795945831444
ocn:5905.6468874
=================================
【Fri Aug 03 2018 21:22:37 GMT+0800 (CST)】:
usdt:15.30405617645296
btc:0.008837143914124
ocn:3207.3768874
=================================
【Fri Aug 03 2018 21:24:51 GMT+0800 (CST)】:
usdt:15.01555437565296
btc:0.008876499374434
ocn:516.8668874
=================================
【Fri Aug 03 2018 21:34:16 GMT+0800 (CST)】:
usdt:15.01555437565296
btc:0.008876499374434
ocn:2677.3451716
=================================
【Fri Aug 03 2018 22:11:58 GMT+0800 (CST)】:
usdt:30.16753564972096
btc:0.008876499374434
ocn:2677.3451716
=================================
【Fri Aug 03 2018 22:12:29 GMT+0800 (CST)】:
usdt:30.17349911089696
btc:0.008876499374434
ocn:2677.3451716
=================================
【Fri Aug 03 2018 22:25:53 GMT+0800 (CST)】:
usdt:15.28085911089696
btc:0.006866164254434
ocn:67.6735716
=================================
【Fri Aug 03 2018 22:25:56 GMT+0800 (CST)】:
usdt:30.28250411006496
btc:0.008862164254434
ocn:67.6735716
=================================
【Fri Aug 03 2018 22:29:43 GMT+0800 (CST)】:
usdt:45.38554808387496
btc:0.008862164254434
ocn:67.6735716
=================================
【Fri Aug 03 2018 22:29:46 GMT+0800 (CST)】:
usdt:60.48697715596096
btc:0.008862164254434
ocn:67.6735716
=================================
【Fri Aug 03 2018 22:35:37 GMT+0800 (CST)】:
usdt:75.58051823065696
btc:0.008862164254434
ocn:67.6735716
=================================
【Fri Aug 03 2018 23:32:29 GMT+0800 (CST)】:
usdt:75.58051823065696
btc:0.008862164254434
ocn:2677.3437716
=================================
【Fri Aug 03 2018 23:34:31 GMT+0800 (CST)】:
usdt:60.64127823065696
btc:0.008853996454434
ocn:76.3517716
=================================
【Fri Aug 03 2018 23:36:48 GMT+0800 (CST)】:
usdt:60.64127823065696
btc:0.008853996454434
ocn:2677.3393716
=================================
【Fri Aug 03 2018 23:37:06 GMT+0800 (CST)】:
usdt:60.55692731625696
btc:0.006853996454434
ocn:43.6293716
=================================
【Fri Aug 03 2018 23:39:43 GMT+0800 (CST)】:
usdt:60.55692731625696
btc:0.007679892292554
ocn:43.6293716
=================================
【Fri Aug 03 2018 23:44:29 GMT+0800 (CST)】:
usdt:60.55692731625696
btc:0.008872903200132
ocn:43.6293716
=================================
【Fri Aug 03 2018 23:57:53 GMT+0800 (CST)】:
usdt:60.55692731625696
btc:0.008872903200132
ocn:2677.3379984
=================================
【Fri Aug 03 2018 23:58:54 GMT+0800 (CST)】:
usdt:60.47606936525696
btc:0.006872903200132
ocn:42.6979984
=================================
【Sat Aug 04 2018 00:15:12 GMT+0800 (CST)】:
usdt:60.47606936525696
btc:0.008887527045796
ocn:42.6979984
=================================
【Sat Aug 04 2018 00:18:26 GMT+0800 (CST)】:
usdt:60.47606936525696
btc:0.008887527045796
ocn:2624.5239984
=================================
【Sat Aug 04 2018 00:38:21 GMT+0800 (CST)】:
usdt:75.48781628210096
btc:0.008887527045796
ocn:2624.5239984
=================================
【Sat Aug 04 2018 00:42:32 GMT+0800 (CST)】:
usdt:60.48781604730096
btc:0.00890101675927
ocn:10.1339984
=================================
【Sat Aug 04 2018 00:46:33 GMT+0800 (CST)】:
usdt:75.39069056730096
btc:0.00890101675927
ocn:10.1339984
=================================
【Sat Aug 04 2018 00:57:05 GMT+0800 (CST)】:
usdt:75.39069056730096
btc:0.00890101675927
ocn:1307.6022616
=================================
【Sat Aug 04 2018 00:57:56 GMT+0800 (CST)】:
usdt:75.39069056730096
btc:0.00890101675927
ocn:2624.5231416
=================================
【Sat Aug 04 2018 00:58:03 GMT+0800 (CST)】:
usdt:75.39069056730096
btc:0.00890101675927
ocn:2624.5245388
=================================
【Sat Aug 04 2018 01:13:29 GMT+0800 (CST)】:
usdt:75.39069056730096
btc:0.00890101675927
ocn:2677.3342078
=================================
【Sat Aug 04 2018 01:14:20 GMT+0800 (CST)】:
usdt:75.33210769390096
btc:0.00690101675927
ocn:40.8442078
=================================
【Sat Aug 04 2018 01:18:24 GMT+0800 (CST)】:
usdt:75.33210769390096
btc:0.00890995095404
ocn:40.8442078
=================================
【Sat Aug 04 2018 01:33:58 GMT+0800 (CST)】:
usdt:75.33210769390096
btc:0.00890995095404
ocn:2677.3359572
=================================
【Sat Aug 04 2018 01:36:22 GMT+0800 (CST)】:
usdt:60.33210795190096
btc:0.00690995095404
ocn:37.1259572
=================================
【Sat Aug 04 2018 01:36:26 GMT+0800 (CST)】:
usdt:60.33210795190096
btc:0.008911970448924
ocn:37.1259572
=================================
【Sat Aug 04 2018 01:37:17 GMT+0800 (CST)】:
usdt:75.31921367190096
btc:0.008911970448924
ocn:37.1259572
=================================
【Sat Aug 04 2018 01:55:06 GMT+0800 (CST)】:
usdt:75.33709094769696
btc:0.008911970448924
ocn:37.1259572
=================================
【Sat Aug 04 2018 04:34:07 GMT+0800 (CST)】:
usdt:75.33709094769696
btc:0.008911970448924
ocn:1377.4399572
=================================
【Sat Aug 04 2018 04:34:10 GMT+0800 (CST)】:
usdt:75.33709094769696
btc:0.008911970448924
ocn:1941.3099572
=================================
【Sat Aug 04 2018 04:34:58 GMT+0800 (CST)】:
usdt:75.33709094769696
btc:0.008911970448924
ocn:2677.337552
=================================
【Sat Aug 04 2018 04:35:26 GMT+0800 (CST)】:
usdt:75.06325960209696
btc:0.006911970448924
ocn:17.427552
=================================
【Sat Aug 04 2018 04:36:24 GMT+0800 (CST)】:
usdt:75.06325960209696
btc:0.006911970448924
ocn:17.4277516
=================================
【Sat Aug 04 2018 04:36:45 GMT+0800 (CST)】:
usdt:75.06325960209696
btc:0.006911970448924
ocn:2677.3422616
=================================
【Sat Aug 04 2018 04:54:49 GMT+0800 (CST)】:
usdt:75.06325960209696
btc:0.006916398128818
ocn:2677.3422616
=================================
【Sat Aug 04 2018 04:56:48 GMT+0800 (CST)】:
usdt:75.06325960209696
btc:0.006917618234716
ocn:2677.3422616
=================================
【Sat Aug 04 2018 04:58:55 GMT+0800 (CST)】:
usdt:75.06325960209696
btc:0.008248024775344
ocn:2677.3422616
=================================
【Sat Aug 04 2018 05:24:48 GMT+0800 (CST)】:
usdt:74.90074524189696
btc:0.006248024775344
ocn:22.1422616
=================================
【Sat Aug 04 2018 05:25:04 GMT+0800 (CST)】:
usdt:74.90074524189696
btc:0.006796155113752
ocn:22.1422616
=================================
【Sat Aug 04 2018 05:28:26 GMT+0800 (CST)】:
usdt:74.90074524189696
btc:0.007504387084206
ocn:22.1422616
=================================
【Sat Aug 04 2018 05:29:41 GMT+0800 (CST)】:
usdt:74.90074524189696
btc:0.007966691711028
ocn:22.1422616
=================================
【Sat Aug 04 2018 05:29:54 GMT+0800 (CST)】:
usdt:74.90074524189696
btc:0.008274925330384
ocn:22.1422616
=================================
【Sat Aug 04 2018 05:41:45 GMT+0800 (CST)】:
usdt:74.90074524189696
btc:0.008274925330384
ocn:2018.9620188
=================================
【Sat Aug 04 2018 05:49:50 GMT+0800 (CST)】:
usdt:74.90074524189696
btc:0.008822476628194
ocn:2018.9620188
=================================
【Sat Aug 04 2018 05:49:57 GMT+0800 (CST)】:
usdt:74.90074524189696
btc:0.008979985393366
ocn:2018.9620188
=================================
【Sat Aug 04 2018 06:33:49 GMT+0800 (CST)】:
usdt:74.90074524189696
btc:0.008979985393366
ocn:2677.3391258
=================================
【Sat Aug 04 2018 06:54:11 GMT+0800 (CST)】:
usdt:74.90074524189696
btc:0.008979985393366
ocn:2680.6325258
=================================
【Sat Aug 04 2018 07:06:39 GMT+0800 (CST)】:
usdt:74.90074524189696
btc:0.008979985393366
ocn:3207.3712372
=================================
【Sat Aug 04 2018 07:10:34 GMT+0800 (CST)】:
usdt:74.90074524189696
btc:0.008979985393366
ocn:7165.0173826
=================================
【Sat Aug 04 2018 07:10:41 GMT+0800 (CST)】:
usdt:74.90074524189696
btc:0.008979985393366
ocn:8690.5515998
=================================
【Sat Aug 04 2018 07:10:52 GMT+0800 (CST)】:
usdt:74.90074524189696
btc:0.008979985393366
ocn:9416.0711528
=================================
【Sat Aug 04 2018 07:10:55 GMT+0800 (CST)】:
usdt:74.90074524189696
btc:0.008979985393366
ocn:9855.9070182
=================================
【Sat Aug 04 2018 07:26:04 GMT+0800 (CST)】:
usdt:59.90074531969696
btc:0.01101314841637
ocn:7154.7170182
=================================
【Sat Aug 04 2018 07:26:08 GMT+0800 (CST)】:
usdt:74.67076607969696
btc:0.00901314841637
ocn:7154.7170182
=================================
【Sat Aug 04 2018 07:29:30 GMT+0800 (CST)】:
usdt:74.87839294373224
btc:0.00898931401637
ocn:4474.1390182
=================================
【Sat Aug 04 2018 07:31:07 GMT+0800 (CST)】:
usdt:59.87839309173224
btc:0.00898931401637
ocn:4474.1390182
=================================
【Sat Aug 04 2018 07:31:10 GMT+0800 (CST)】:
usdt:74.68637401701224
btc:0.00902207876452
ocn:3225.5926238
=================================
【Sat Aug 04 2018 07:33:27 GMT+0800 (CST)】:
usdt:74.68637401701224
btc:0.00902207876452
ocn:3249.643326
=================================
【Sat Aug 04 2018 07:37:22 GMT+0800 (CST)】:
usdt:59.68637393721224
btc:0.00902207876452
ocn:567.813326
=================================
【Sat Aug 04 2018 07:37:26 GMT+0800 (CST)】:
usdt:74.48874985721224
btc:0.00702207876452
ocn:567.813326
=================================
【Sat Aug 04 2018 07:37:33 GMT+0800 (CST)】:
usdt:74.48874985721224
btc:0.007570219683724
ocn:567.813326
=================================
【Sat Aug 04 2018 07:37:53 GMT+0800 (CST)】:
usdt:74.48874985721224
btc:0.009048966723802
ocn:567.813326
=================================
【Sat Aug 04 2018 07:38:35 GMT+0800 (CST)】:
usdt:74.48874985721224
btc:0.009048966723802
ocn:3248.391426
=================================
【Sat Aug 04 2018 07:41:19 GMT+0800 (CST)】:
usdt:74.29986840521224
btc:0.009074745102692
ocn:555.941426
=================================
【Sat Aug 04 2018 07:54:51 GMT+0800 (CST)】:
usdt:74.29986840521224
btc:0.009074745102692
ocn:3237.7759082
=================================
【Sat Aug 04 2018 07:56:09 GMT+0800 (CST)】:
usdt:74.29986840521224
btc:0.009074745102692
ocn:7154.7136336
=================================
【Sat Aug 04 2018 07:56:40 GMT+0800 (CST)】:
usdt:74.09384116921224
btc:0.009105171691532
ocn:4456.4436336
=================================
【Sat Aug 04 2018 08:06:22 GMT+0800 (CST)】:
usdt:74.335467262551728
btc:0.009076275191532
ocn:1770.5712336
=================================
【Sat Aug 04 2018 08:11:39 GMT+0800 (CST)】:
usdt:74.335467262551728
btc:0.009076275191532
ocn:3211.7131736
=================================
【Sat Aug 04 2018 08:12:48 GMT+0800 (CST)】:
usdt:74.335467262551728
btc:0.009076275191532
ocn:4456.4387336
=================================
【Sat Aug 04 2018 08:14:38 GMT+0800 (CST)】:
usdt:74.122943181551728
btc:0.007076275191532
ocn:1766.8987336
=================================
【Sat Aug 04 2018 08:15:26 GMT+0800 (CST)】:
usdt:74.122943181551728
btc:0.008173517740668
ocn:1766.8987336
=================================
【Sat Aug 04 2018 08:17:15 GMT+0800 (CST)】:
usdt:74.122943181551728
btc:0.00910523243096
ocn:1766.8987336
=================================
【Sat Aug 04 2018 08:19:01 GMT+0800 (CST)】:
usdt:74.122943181551728
btc:0.00910523243096
ocn:3496.950496
=================================
【Sat Aug 04 2018 08:25:38 GMT+0800 (CST)】:
usdt:74.122943181551728
btc:0.00910523243096
ocn:4456.4423666
=================================
【Sat Aug 04 2018 09:26:43 GMT+0800 (CST)】:
usdt:73.990129380751728
btc:0.009123912398124
ocn:1765.9323666
=================================
【Sat Aug 04 2018 09:53:45 GMT+0800 (CST)】:
usdt:73.990129380751728
btc:0.008136562398124
ocn:3063.3323666
=================================
【Sat Aug 04 2018 10:01:25 GMT+0800 (CST)】:
usdt:58.990129380751728
btc:0.006140453829124
ocn:420.9219666
=================================
【Sat Aug 04 2018 10:03:08 GMT+0800 (CST)】:
usdt:58.990129380751728
btc:0.006140453829124
ocn:3063.3365466
=================================
【Sat Aug 04 2018 10:03:18 GMT+0800 (CST)】:
usdt:73.995373926399728
btc:0.006140453829124
ocn:3063.3365466
=================================
【Sat Aug 04 2018 10:03:35 GMT+0800 (CST)】:
usdt:73.995373926399728
btc:0.008136453829124
ocn:3063.3365466
=================================
【Sat Aug 04 2018 12:06:07 GMT+0800 (CST)】:
usdt:73.871382480399728
btc:0.008153386024836
ocn:415.6565466
=================================
【Sat Aug 04 2018 13:13:57 GMT+0800 (CST)】:
usdt:73.871382480399728
btc:0.008153386024836
ocn:3063.3395686
=================================
【Sat Aug 04 2018 14:18:03 GMT+0800 (CST)】:
usdt:73.871382480399728
btc:0.008153386024836
ocn:4462.2887632
=================================
【Sat Aug 04 2018 14:19:30 GMT+0800 (CST)】:
usdt:73.871382480399728
btc:0.008153386024836
ocn:5753.8499642
=================================
【Sat Aug 04 2018 14:35:28 GMT+0800 (CST)】:
usdt:73.871382480399728
btc:0.008153386024836
ocn:7218.8030864
=================================
【Sat Aug 04 2018 14:38:01 GMT+0800 (CST)】:
usdt:73.671862231599728
btc:0.006153386024836
ocn:4518.5830864
=================================
【Sat Aug 04 2018 15:57:30 GMT+0800 (CST)】:
usdt:73.540565019799728
btc:0.006172194492484
ocn:1832.9030864
=================================
【Sat Aug 04 2018 16:01:45 GMT+0800 (CST)】:
usdt:73.540565019799728
btc:0.006172194492484
ocn:4518.586655
=================================
【Sat Aug 04 2018 16:10:45 GMT+0800 (CST)】:
usdt:73.406194349399728
btc:0.004172194492484
ocn:1833.866655
=================================
【Sat Aug 04 2018 16:40:37 GMT+0800 (CST)】:
usdt:73.406194349399728
btc:0.008226482353112
ocn:1833.866655
=================================
