【Tue Jul 31 2018 00:03:15 GMT+0800 (中国标准时间)】:error
{}
=================================【Tue Jul 31 2018 00:03:16 GMT+0800 (中国标准时间)】:error
{}
=================================【Tue Jul 31 2018 00:03:17 GMT+0800 (中国标准时间)】:error
{}
=================================【Tue Jul 31 2018 00:03:18 GMT+0800 (中国标准时间)】:error
{}
=================================【Tue Jul 31 2018 00:39:50 GMT+0800 (中国标准时间)】:error
{}
=================================【Tue Jul 31 2018 00:39:55 GMT+0800 (中国标准时间)】:error
{}
=================================【Tue Jul 31 2018 00:40:00 GMT+0800 (中国标准时间)】:error
{}
=================================【Tue Jul 31 2018 00:40:05 GMT+0800 (中国标准时间)】:error
{}
=================================【Tue Jul 31 2018 00:40:10 GMT+0800 (中国标准时间)】:error
{}
=================================【Tue Jul 31 2018 00:40:15 GMT+0800 (中国标准时间)】:error
{}
=================================【Tue Jul 31 2018 00:40:20 GMT+0800 (中国标准时间)】:error
{}
=================================【Tue Jul 31 2018 00:40:25 GMT+0800 (中国标准时间)】:error
{}
=================================【Tue Jul 31 2018 00:40:30 GMT+0800 (中国标准时间)】:error
{}
=================================【Tue Jul 31 2018 00:40:35 GMT+0800 (中国标准时间)】:error
{}
=================================【Tue Jul 31 2018 00:40:40 GMT+0800 (中国标准时间)】:error
{}
=================================【Tue Jul 31 2018 00:40:45 GMT+0800 (中国标准时间)】:error
{}
=================================【Tue Jul 31 2018 00:40:50 GMT+0800 (中国标准时间)】:error
{}
=================================【Tue Jul 31 2018 00:40:55 GMT+0800 (中国标准时间)】:error
{}
=================================【Tue Jul 31 2018 00:41:00 GMT+0800 (中国标准时间)】:error
{}
=================================【Tue Jul 31 2018 00:41:05 GMT+0800 (中国标准时间)】:error
{}
=================================【Tue Jul 31 2018 00:41:10 GMT+0800 (中国标准时间)】:error
{}
=================================【Tue Jul 31 2018 00:41:15 GMT+0800 (中国标准时间)】:error
{}
=================================【Tue Jul 31 2018 00:41:20 GMT+0800 (中国标准时间)】:error
{}
=================================【Tue Jul 31 2018 00:41:25 GMT+0800 (中国标准时间)】:error
{}
=================================【Tue Jul 31 2018 00:41:30 GMT+0800 (中国标准时间)】:error
{}
=================================【Tue Jul 31 2018 00:41:35 GMT+0800 (中国标准时间)】:error
{}
=================================【Tue Jul 31 2018 00:41:40 GMT+0800 (中国标准时间)】:error
{}
=================================【Tue Jul 31 2018 00:41:45 GMT+0800 (中国标准时间)】:error
{}
=================================【Tue Jul 31 2018 00:41:50 GMT+0800 (中国标准时间)】:error
{}
=================================【Tue Jul 31 2018 00:41:55 GMT+0800 (中国标准时间)】:error
{}
=================================【Tue Jul 31 2018 00:42:00 GMT+0800 (中国标准时间)】:error
{}
=================================【Tue Jul 31 2018 00:42:05 GMT+0800 (中国标准时间)】:error
{}
=================================【Tue Jul 31 2018 00:42:10 GMT+0800 (中国标准时间)】:error
{}
=================================【Tue Jul 31 2018 00:42:15 GMT+0800 (中国标准时间)】:error
{}
=================================【Tue Jul 31 2018 00:43:20 GMT+0800 (中国标准时间)】:error
{}
=================================【Tue Jul 31 2018 00:43:25 GMT+0800 (中国标准时间)】:error
{}
=================================【Tue Jul 31 2018 00:43:47 GMT+0800 (中国标准时间)】:error
{"message":"get balance error"}
=================================【Tue Jul 31 2018 00:43:52 GMT+0800 (中国标准时间)】:error
{"message":"get balance error"}
=================================【Tue Jul 31 2018 00:52:20 GMT+0800 (中国标准时间)】:error
{"message":"get balance error"}
=================================【Tue Jul 31 2018 00:52:20 GMT+0800 (中国标准时间)】:error
{"message":"get balance error"}
=================================【Tue Jul 31 2018 00:52:20 GMT+0800 (中国标准时间)】:error
{"message":"get balance error"}
=================================【Tue Jul 31 2018 00:52:20 GMT+0800 (中国标准时间)】:error
{"message":"get balance error"}
=================================【Tue Jul 31 2018 00:52:20 GMT+0800 (中国标准时间)】:error
{"message":"get balance error"}
=================================【Tue Jul 31 2018 00:52:20 GMT+0800 (中国标准时间)】:error
{"message":"get balance error"}
=================================【Tue Jul 31 2018 00:52:20 GMT+0800 (中国标准时间)】:error
{"message":"get balance error"}
=================================【Tue Jul 31 2018 00:52:20 GMT+0800 (中国标准时间)】:error
{"message":"get balance error"}
=================================【Tue Jul 31 2018 00:52:20 GMT+0800 (中国标准时间)】:error
{"message":"get balance error"}
=================================【Tue Jul 31 2018 00:52:20 GMT+0800 (中国标准时间)】:error
{"message":"get balance error"}
=================================【Tue Jul 31 2018 00:52:20 GMT+0800 (中国标准时间)】:error
{"message":"get balance error"}
=================================【Tue Jul 31 2018 00:52:20 GMT+0800 (中国标准时间)】:error
{"message":"get balance error"}
=================================【Tue Jul 31 2018 00:52:20 GMT+0800 (中国标准时间)】:error
{"message":"get balance error"}
=================================【Tue Jul 31 2018 00:52:20 GMT+0800 (中国标准时间)】:error
{"message":"get balance error"}
=================================【Tue Jul 31 2018 00:52:20 GMT+0800 (中国标准时间)】:error
{"message":"get balance error"}
=================================【Tue Jul 31 2018 00:52:20 GMT+0800 (中国标准时间)】:error
{"message":"get balance error"}
=================================【Tue Jul 31 2018 00:52:20 GMT+0800 (中国标准时间)】:error
{"message":"get balance error"}
=================================【Tue Jul 31 2018 00:52:20 GMT+0800 (中国标准时间)】:error
{"message":"get balance error"}
=================================【Tue Jul 31 2018 00:52:20 GMT+0800 (中国标准时间)】:error
{"message":"get balance error"}
=================================【Tue Jul 31 2018 00:52:20 GMT+0800 (中国标准时间)】:error
{"message":"get balance error"}
=================================【Tue Jul 31 2018 00:52:20 GMT+0800 (中国标准时间)】:error
{"message":"get balance error"}
=================================【Tue Jul 31 2018 00:52:20 GMT+0800 (中国标准时间)】:error
{"message":"get balance error"}
=================================【Tue Jul 31 2018 00:52:20 GMT+0800 (中国标准时间)】:error
{"message":"get balance error"}
=================================【Tue Jul 31 2018 00:52:20 GMT+0800 (中国标准时间)】:error
{"message":"get balance error"}
=================================【Tue Jul 31 2018 00:52:20 GMT+0800 (中国标准时间)】:error
{"message":"get balance error"}
=================================【Tue Jul 31 2018 00:52:21 GMT+0800 (中国标准时间)】:error
{"message":"get balance error"}
=================================【Tue Jul 31 2018 00:52:21 GMT+0800 (中国标准时间)】:error
{"message":"get balance error"}
=================================【Tue Jul 31 2018 00:52:21 GMT+0800 (中国标准时间)】:error
{"message":"get balance error"}
=================================【Tue Jul 31 2018 00:52:21 GMT+0800 (中国标准时间)】:error
{"message":"get balance error"}
=================================【Tue Jul 31 2018 00:52:21 GMT+0800 (中国标准时间)】:error
{"message":"get balance error"}
=================================【Tue Jul 31 2018 00:52:21 GMT+0800 (中国标准时间)】:error
{"message":"get balance error"}
=================================【Tue Jul 31 2018 00:52:21 GMT+0800 (中国标准时间)】:error
{"message":"get balance error"}
=================================【Tue Jul 31 2018 00:52:21 GMT+0800 (中国标准时间)】:error
{"message":"get balance error"}
=================================【Tue Jul 31 2018 00:52:21 GMT+0800 (中国标准时间)】:error
{"message":"get balance error"}
=================================【Tue Jul 31 2018 00:52:21 GMT+0800 (中国标准时间)】:error
{"message":"get balance error"}
=================================【Tue Jul 31 2018 00:52:21 GMT+0800 (中国标准时间)】:error
{"message":"get balance error"}
=================================【Tue Jul 31 2018 00:52:21 GMT+0800 (中国标准时间)】:error
{"message":"get balance error"}
=================================【Tue Jul 31 2018 00:52:21 GMT+0800 (中国标准时间)】:error
{"message":"get balance error"}
=================================【Tue Jul 31 2018 00:52:21 GMT+0800 (中国标准时间)】:error
{"message":"get balance error"}
=================================【Tue Jul 31 2018 00:52:21 GMT+0800 (中国标准时间)】:error
{"message":"get balance error"}
=================================【Tue Jul 31 2018 00:52:21 GMT+0800 (中国标准时间)】:error
{"message":"get balance error"}
=================================【Tue Jul 31 2018 00:52:21 GMT+0800 (中国标准时间)】:error
{"message":"get balance error"}
=================================【Tue Jul 31 2018 00:52:21 GMT+0800 (中国标准时间)】:error
{"message":"get balance error"}
=================================【Tue Jul 31 2018 00:52:21 GMT+0800 (中国标准时间)】:error
{"message":"get balance error"}
=================================【Tue Jul 31 2018 00:52:21 GMT+0800 (中国标准时间)】:error
{"message":"get balance error"}
=================================【Tue Jul 31 2018 00:52:21 GMT+0800 (中国标准时间)】:error
{"message":"get balance error"}
=================================【Tue Jul 31 2018 00:52:21 GMT+0800 (中国标准时间)】:error
{"message":"get balance error"}
=================================【Tue Jul 31 2018 00:52:21 GMT+0800 (中国标准时间)】:error
{"message":"get balance error"}
=================================【Tue Jul 31 2018 00:52:22 GMT+0800 (中国标准时间)】:error
{"message":"get balance error"}
=================================【Tue Jul 31 2018 00:52:22 GMT+0800 (中国标准时间)】:error
{"message":"get balance error"}
=================================【Tue Jul 31 2018 00:52:22 GMT+0800 (中国标准时间)】:error
{"message":"get balance error"}
=================================【Tue Jul 31 2018 00:52:22 GMT+0800 (中国标准时间)】:error
{"message":"get balance error"}
=================================【Tue Jul 31 2018 00:52:22 GMT+0800 (中国标准时间)】:error
{"message":"get balance error"}
=================================【Tue Jul 31 2018 00:52:22 GMT+0800 (中国标准时间)】:error
{"message":"get balance error"}
=================================【Tue Jul 31 2018 00:52:22 GMT+0800 (中国标准时间)】:error
{"message":"get balance error"}
=================================【Tue Jul 31 2018 00:52:22 GMT+0800 (中国标准时间)】:error
{"message":"get balance error"}
=================================【Tue Jul 31 2018 00:52:22 GMT+0800 (中国标准时间)】:error
{"message":"get balance error"}
=================================【Tue Jul 31 2018 00:52:22 GMT+0800 (中国标准时间)】:error
{"message":"get balance error"}
=================================【Tue Jul 31 2018 00:52:22 GMT+0800 (中国标准时间)】:error
{"message":"get balance error"}
=================================【Tue Jul 31 2018 00:52:22 GMT+0800 (中国标准时间)】:error
{"message":"get balance error"}
=================================【Tue Jul 31 2018 00:52:23 GMT+0800 (中国标准时间)】:error
{"message":"get balance error"}
=================================【Tue Jul 31 2018 00:52:23 GMT+0800 (中国标准时间)】:error
{"message":"get balance error"}
=================================【Tue Jul 31 2018 00:52:23 GMT+0800 (中国标准时间)】:error
{"message":"get balance error"}
=================================【Tue Jul 31 2018 00:52:23 GMT+0800 (中国标准时间)】:error
{"message":"get balance error"}
=================================【Tue Jul 31 2018 00:52:23 GMT+0800 (中国标准时间)】:error
{"message":"get balance error"}
=================================【Tue Jul 31 2018 00:52:23 GMT+0800 (中国标准时间)】:error
{"message":"get balance error"}
=================================【Tue Jul 31 2018 00:52:23 GMT+0800 (中国标准时间)】:error
{"message":"get balance error"}
=================================【Tue Jul 31 2018 00:52:23 GMT+0800 (中国标准时间)】:error
{"message":"get balance error"}
=================================【Tue Jul 31 2018 00:52:23 GMT+0800 (中国标准时间)】:error
{"message":"get balance error"}
=================================【Tue Jul 31 2018 00:52:23 GMT+0800 (中国标准时间)】:error
{"message":"get balance error"}
=================================【Tue Jul 31 2018 00:52:23 GMT+0800 (中国标准时间)】:error
{"message":"get balance error"}
=================================【Tue Jul 31 2018 00:52:23 GMT+0800 (中国标准时间)】:error
{"message":"get balance error"}
=================================【Tue Jul 31 2018 00:52:23 GMT+0800 (中国标准时间)】:error
{"message":"get balance error"}
=================================【Tue Jul 31 2018 00:52:23 GMT+0800 (中国标准时间)】:error
{"message":"get balance error"}
=================================【Tue Jul 31 2018 00:52:24 GMT+0800 (中国标准时间)】:error
{"message":"get balance error"}
=================================【Tue Jul 31 2018 00:52:24 GMT+0800 (中国标准时间)】:error
{"message":"get balance error"}
=================================【Tue Jul 31 2018 00:52:24 GMT+0800 (中国标准时间)】:error
{"message":"get balance error"}
=================================【Tue Jul 31 2018 00:52:24 GMT+0800 (中国标准时间)】:error
{"message":"get balance error"}
=================================【Tue Jul 31 2018 00:52:24 GMT+0800 (中国标准时间)】:error
{"message":"get balance error"}
=================================【Tue Jul 31 2018 00:52:24 GMT+0800 (中国标准时间)】:error
{"message":"get balance error"}
=================================【Tue Jul 31 2018 00:52:24 GMT+0800 (中国标准时间)】:error
{"message":"get balance error"}
=================================【Tue Jul 31 2018 00:52:24 GMT+0800 (中国标准时间)】:error
{"message":"get balance error"}
=================================【Tue Jul 31 2018 00:52:24 GMT+0800 (中国标准时间)】:error
{"message":"get balance error"}
=================================【Tue Jul 31 2018 00:52:24 GMT+0800 (中国标准时间)】:error
{"message":"get balance error"}
=================================【Tue Jul 31 2018 00:52:24 GMT+0800 (中国标准时间)】:error
{"message":"get balance error"}
=================================【Tue Jul 31 2018 00:52:24 GMT+0800 (中国标准时间)】:error
{"message":"get balance error"}
=================================【Tue Jul 31 2018 00:52:24 GMT+0800 (中国标准时间)】:error
{"message":"get balance error"}
=================================【Tue Jul 31 2018 00:52:24 GMT+0800 (中国标准时间)】:error
{"message":"get balance error"}
=================================【Tue Jul 31 2018 00:52:24 GMT+0800 (中国标准时间)】:error
{"message":"get balance error"}
=================================【Tue Jul 31 2018 00:52:24 GMT+0800 (中国标准时间)】:error
{"message":"get balance error"}
=================================【Tue Jul 31 2018 00:52:24 GMT+0800 (中国标准时间)】:error
{"message":"get balance error"}
=================================【Tue Jul 31 2018 00:52:24 GMT+0800 (中国标准时间)】:error
{"message":"get balance error"}
=================================【Tue Jul 31 2018 00:52:24 GMT+0800 (中国标准时间)】:error
{"message":"get balance error"}
=================================【Tue Jul 31 2018 00:52:24 GMT+0800 (中国标准时间)】:error
{"message":"get balance error"}
=================================【Tue Jul 31 2018 00:52:24 GMT+0800 (中国标准时间)】:error
{"message":"get balance error"}
=================================【Tue Jul 31 2018 00:52:24 GMT+0800 (中国标准时间)】:error
{"message":"get balance error"}
=================================【Tue Jul 31 2018 00:52:24 GMT+0800 (中国标准时间)】:error
{"message":"get balance error"}
=================================【Tue Jul 31 2018 00:52:24 GMT+0800 (中国标准时间)】:error
{"message":"get balance error"}
=================================【Tue Jul 31 2018 00:52:24 GMT+0800 (中国标准时间)】:error
{"message":"get balance error"}
=================================【Tue Jul 31 2018 00:52:24 GMT+0800 (中国标准时间)】:error
{"message":"get balance error"}
=================================【Tue Jul 31 2018 00:52:25 GMT+0800 (中国标准时间)】:error
{"message":"get balance error"}
=================================【Tue Jul 31 2018 00:52:25 GMT+0800 (中国标准时间)】:error
{"message":"get balance error"}
=================================【Tue Jul 31 2018 00:52:25 GMT+0800 (中国标准时间)】:error
{"message":"get balance error"}
=================================【Tue Jul 31 2018 00:52:25 GMT+0800 (中国标准时间)】:error
{"message":"get balance error"}
=================================【Tue Jul 31 2018 00:52:25 GMT+0800 (中国标准时间)】:error
{"message":"get balance error"}
=================================【Tue Jul 31 2018 00:52:25 GMT+0800 (中国标准时间)】:error
{"message":"get balance error"}
=================================【Tue Jul 31 2018 00:52:25 GMT+0800 (中国标准时间)】:error
{"message":"get balance error"}
=================================【Tue Jul 31 2018 00:52:25 GMT+0800 (中国标准时间)】:error
{"message":"get balance error"}
=================================【Tue Jul 31 2018 00:52:25 GMT+0800 (中国标准时间)】:error
{"message":"get balance error"}
=================================【Tue Jul 31 2018 00:52:25 GMT+0800 (中国标准时间)】:error
{"message":"get balance error"}
=================================【Tue Jul 31 2018 00:52:25 GMT+0800 (中国标准时间)】:error
{"message":"get balance error"}
=================================【Tue Jul 31 2018 00:52:25 GMT+0800 (中国标准时间)】:error
{"message":"get balance error"}
=================================【Tue Jul 31 2018 00:52:25 GMT+0800 (中国标准时间)】:error
{"message":"get balance error"}
=================================【Tue Jul 31 2018 00:52:25 GMT+0800 (中国标准时间)】:error
{"message":"get balance error"}
=================================【Tue Jul 31 2018 00:52:25 GMT+0800 (中国标准时间)】:error
{"message":"get balance error"}
=================================【Tue Jul 31 2018 00:52:26 GMT+0800 (中国标准时间)】:error
{"message":"get balance error"}
=================================【Tue Jul 31 2018 00:52:26 GMT+0800 (中国标准时间)】:error
{"message":"get balance error"}
=================================【Tue Jul 31 2018 00:52:26 GMT+0800 (中国标准时间)】:error
{"message":"get balance error"}
=================================【Tue Jul 31 2018 00:52:26 GMT+0800 (中国标准时间)】:error
{"message":"get balance error"}
=================================【Tue Jul 31 2018 00:52:26 GMT+0800 (中国标准时间)】:error
{"message":"get balance error"}
=================================【Tue Jul 31 2018 00:52:26 GMT+0800 (中国标准时间)】:error
{"message":"get balance error"}
=================================【Tue Jul 31 2018 00:52:26 GMT+0800 (中国标准时间)】:error
{"message":"get balance error"}
=================================【Tue Jul 31 2018 00:52:26 GMT+0800 (中国标准时间)】:error
{"message":"get balance error"}
=================================【Tue Jul 31 2018 00:52:26 GMT+0800 (中国标准时间)】:error
{"message":"get balance error"}
=================================【Tue Jul 31 2018 00:52:26 GMT+0800 (中国标准时间)】:error
{"message":"get balance error"}
=================================【Tue Jul 31 2018 00:52:26 GMT+0800 (中国标准时间)】:error
{"message":"get balance error"}
=================================【Tue Jul 31 2018 00:52:37 GMT+0800 (中国标准时间)】:error
{"message":"get balance error"}
=================================【Tue Jul 31 2018 00:52:37 GMT+0800 (中国标准时间)】:error
{"message":"get balance error"}
=================================【Tue Jul 31 2018 00:52:37 GMT+0800 (中国标准时间)】:error
{"message":"get balance error"}
=================================【Tue Jul 31 2018 00:52:37 GMT+0800 (中国标准时间)】:error
{"message":"get balance error"}
=================================【Tue Jul 31 2018 00:52:37 GMT+0800 (中国标准时间)】:error
{"message":"get balance error"}
=================================【Tue Jul 31 2018 00:52:37 GMT+0800 (中国标准时间)】:error
{"message":"get balance error"}
=================================【Tue Jul 31 2018 00:52:37 GMT+0800 (中国标准时间)】:error
{"message":"get balance error"}
=================================【Tue Jul 31 2018 00:52:37 GMT+0800 (中国标准时间)】:error
{"message":"get balance error"}
=================================【Tue Jul 31 2018 00:52:37 GMT+0800 (中国标准时间)】:error
{"message":"get balance error"}
=================================【Tue Jul 31 2018 00:52:37 GMT+0800 (中国标准时间)】:error
{"message":"get balance error"}
=================================【Tue Jul 31 2018 00:52:37 GMT+0800 (中国标准时间)】:error
{"message":"get balance error"}
=================================【Tue Jul 31 2018 00:52:37 GMT+0800 (中国标准时间)】:error
{"message":"get balance error"}
=================================【Tue Jul 31 2018 00:52:37 GMT+0800 (中国标准时间)】:error
{"message":"get balance error"}
=================================【Tue Jul 31 2018 00:52:37 GMT+0800 (中国标准时间)】:error
{"message":"get balance error"}
=================================【Tue Jul 31 2018 00:52:37 GMT+0800 (中国标准时间)】:error
{"message":"get balance error"}
=================================【Tue Jul 31 2018 00:52:37 GMT+0800 (中国标准时间)】:error
{"message":"get balance error"}
=================================【Tue Jul 31 2018 00:52:37 GMT+0800 (中国标准时间)】:error
{"message":"get balance error"}
=================================【Tue Jul 31 2018 01:00:26 GMT+0800 (中国标准时间)】:error
{"message":"get balance error"}
=================================【Tue Jul 31 2018 01:00:31 GMT+0800 (中国标准时间)】:error
{"message":"get balance error"}
=================================【Tue Jul 31 2018 01:00:36 GMT+0800 (中国标准时间)】:error
{"message":"get balance error"}
=================================【Tue Jul 31 2018 01:00:41 GMT+0800 (中国标准时间)】:error
{"message":"get balance error"}
=================================【Tue Jul 31 2018 01:00:46 GMT+0800 (中国标准时间)】:error
{"message":"get balance error"}
=================================【Tue Jul 31 2018 01:00:51 GMT+0800 (中国标准时间)】:error
{"message":"get balance error"}
=================================【Tue Jul 31 2018 01:00:56 GMT+0800 (中国标准时间)】:error
{"message":"get balance error"}
=================================【Tue Jul 31 2018 01:01:01 GMT+0800 (中国标准时间)】:error
{"message":"get balance error"}
=================================【Tue Jul 31 2018 01:01:06 GMT+0800 (中国标准时间)】:error
{"message":"get balance error"}
=================================【Tue Jul 31 2018 01:01:11 GMT+0800 (中国标准时间)】:error
{"message":"get balance error"}
=================================【Tue Jul 31 2018 01:01:16 GMT+0800 (中国标准时间)】:error
{"message":"get balance error"}
=================================【Tue Jul 31 2018 01:01:21 GMT+0800 (中国标准时间)】:error
{"message":"get balance error"}
=================================【Tue Jul 31 2018 01:01:26 GMT+0800 (中国标准时间)】:error
{"message":"get balance error"}
=================================【Tue Jul 31 2018 01:01:31 GMT+0800 (中国标准时间)】:error
{"message":"get balance error"}
=================================【Tue Jul 31 2018 01:01:36 GMT+0800 (中国标准时间)】:error
{"message":"get balance error"}
=================================【Tue Jul 31 2018 01:01:41 GMT+0800 (中国标准时间)】:error
{"message":"get balance error"}
=================================【Tue Jul 31 2018 01:01:46 GMT+0800 (中国标准时间)】:error
{"message":"get balance error"}
=================================【Tue Jul 31 2018 01:01:51 GMT+0800 (中国标准时间)】:error
{"message":"get balance error"}
=================================【Tue Jul 31 2018 01:01:56 GMT+0800 (中国标准时间)】:error
{"message":"get balance error"}
=================================【Tue Jul 31 2018 01:07:35 GMT+0800 (中国标准时间)】:error
{}
=================================【Tue Jul 31 2018 01:07:36 GMT+0800 (中国标准时间)】:error
{}
=================================【Tue Jul 31 2018 01:07:37 GMT+0800 (中国标准时间)】:error
{}
=================================【Tue Jul 31 2018 01:07:38 GMT+0800 (中国标准时间)】:error
{}
=================================【Tue Jul 31 2018 04:30:41 GMT+0800 (中国标准时间)】:error
{"code":4001,"message":"btcusdt has no data"}
=================================【Tue Jul 31 2018 04:30:45 GMT+0800 (中国标准时间)】:error
{"message":"get balance error"}
=================================【Tue Jul 31 2018 04:30:49 GMT+0800 (中国标准时间)】:error
{"code":4001,"message":"ocnusdt has no data"}
=================================【Tue Jul 31 2018 04:30:49 GMT+0800 (中国标准时间)】:error
{"message":"get balance error"}
=================================【Tue Jul 31 2018 04:30:49 GMT+0800 (中国标准时间)】:error
{"message":"get balance error"}
=================================【Tue Jul 31 2018 04:30:53 GMT+0800 (中国标准时间)】:error
{"code":4001,"message":"ocnbtc has no data"}
=================================【Tue Jul 31 2018 04:31:12 GMT+0800 (中国标准时间)】:error
{"message":"get balance error"}
=================================【Tue Jul 31 2018 04:31:46 GMT+0800 (中国标准时间)】:error
{"code":4001,"message":"ocnusdt has no data"}
=================================【Tue Jul 31 2018 04:31:46 GMT+0800 (中国标准时间)】:error
{"code":4001,"message":"ocnbtc has no data"}
=================================【Tue Jul 31 2018 04:32:09 GMT+0800 (中国标准时间)】:error
{"message":"get balance error"}
=================================【Tue Jul 31 2018 04:41:28 GMT+0800 (中国标准时间)】:error
{"message":"get balance error"}
=================================【Tue Jul 31 2018 04:41:29 GMT+0800 (中国标准时间)】:error
{"code":4001,"message":"ocnusdt has no data"}
=================================【Tue Jul 31 2018 04:41:32 GMT+0800 (中国标准时间)】:error
{"message":"get balance error"}
=================================【Tue Jul 31 2018 04:41:33 GMT+0800 (中国标准时间)】:error
{"message":"get balance error"}
=================================【Tue Jul 31 2018 04:41:33 GMT+0800 (中国标准时间)】:error
{"code":4001,"message":"btcusdt has no data"}
=================================【Tue Jul 31 2018 04:41:37 GMT+0800 (中国标准时间)】:error
{"message":"get balance error"}
=================================【Tue Jul 31 2018 04:41:38 GMT+0800 (中国标准时间)】:error
{"message":"get balance error"}
=================================【Tue Jul 31 2018 04:41:42 GMT+0800 (中国标准时间)】:error
{"code":4001,"message":"ocnusdt has no data"}
=================================【Tue Jul 31 2018 04:41:43 GMT+0800 (中国标准时间)】:error
{"code":4001,"message":"ocnbtc has no data"}
=================================【Tue Jul 31 2018 04:41:43 GMT+0800 (中国标准时间)】:error
{"code":4001,"message":"ocnusdt has no data"}
=================================【Tue Jul 31 2018 04:41:43 GMT+0800 (中国标准时间)】:error
{"code":4001,"message":"ocnusdt has no data"}
=================================【Tue Jul 31 2018 04:41:44 GMT+0800 (中国标准时间)】:error
{"message":"get balance error"}
=================================【Tue Jul 31 2018 04:41:44 GMT+0800 (中国标准时间)】:error
{"code":4001,"message":"ocnbtc has no data"}
=================================【Tue Jul 31 2018 04:41:45 GMT+0800 (中国标准时间)】:error
{"code":4001,"message":"ocnusdt has no data"}
=================================【Tue Jul 31 2018 04:41:45 GMT+0800 (中国标准时间)】:error
{"code":4001,"message":"ocnusdt has no data"}
=================================【Tue Jul 31 2018 04:41:49 GMT+0800 (中国标准时间)】:error
{"code":4001,"message":"ocnusdt has no data"}
=================================【Tue Jul 31 2018 04:41:49 GMT+0800 (中国标准时间)】:error
{"code":4001,"message":"ocnusdt has no data"}
=================================【Tue Jul 31 2018 04:41:50 GMT+0800 (中国标准时间)】:error
{"code":4001,"message":"ocnbtc has no data"}
=================================【Tue Jul 31 2018 04:41:51 GMT+0800 (中国标准时间)】:error
{"code":4001,"message":"btcusdt has no data"}
=================================【Tue Jul 31 2018 04:41:56 GMT+0800 (中国标准时间)】:error
{"code":4001,"message":"btcusdt has no data"}
=================================【Tue Jul 31 2018 04:41:56 GMT+0800 (中国标准时间)】:error
{"code":4001,"message":"ocnbtc has no data"}
=================================【Tue Jul 31 2018 04:41:56 GMT+0800 (中国标准时间)】:error
{"code":4001,"message":"ocnusdt has no data"}
=================================【Tue Jul 31 2018 04:41:57 GMT+0800 (中国标准时间)】:error
{"code":4001,"message":"ocnusdt has no data"}
=================================【Tue Jul 31 2018 04:41:57 GMT+0800 (中国标准时间)】:error
{"message":"get balance error"}
=================================【Tue Jul 31 2018 04:42:02 GMT+0800 (中国标准时间)】:error
{"code":4001,"message":"ocnbtc has no data"}
=================================【Tue Jul 31 2018 04:42:02 GMT+0800 (中国标准时间)】:error
{"message":"get balance error"}
=================================【Tue Jul 31 2018 04:42:07 GMT+0800 (中国标准时间)】:error
{"code":4001,"message":"ocnbtc has no data"}
=================================【Tue Jul 31 2018 04:42:08 GMT+0800 (中国标准时间)】:error
{"code":4001,"message":"ocnbtc has no data"}
=================================【Tue Jul 31 2018 04:42:08 GMT+0800 (中国标准时间)】:error
{"code":4001,"message":"ocnusdt has no data"}
=================================【Tue Jul 31 2018 04:42:08 GMT+0800 (中国标准时间)】:error
{"message":"get balance error"}
=================================【Tue Jul 31 2018 04:42:09 GMT+0800 (中国标准时间)】:error
{"code":4001,"message":"ocnusdt has no data"}
=================================【Tue Jul 31 2018 04:42:09 GMT+0800 (中国标准时间)】:error
{"code":4001,"message":"ocnusdt has no data"}
=================================【Tue Jul 31 2018 04:42:14 GMT+0800 (中国标准时间)】:error
{"code":4001,"message":"btcusdt has no data"}
=================================【Tue Jul 31 2018 04:42:15 GMT+0800 (中国标准时间)】:error
{"code":4001,"message":"btcusdt has no data"}
=================================【Tue Jul 31 2018 04:42:15 GMT+0800 (中国标准时间)】:error
{"code":4001,"message":"ocnusdt has no data"}
=================================【Tue Jul 31 2018 04:42:20 GMT+0800 (中国标准时间)】:error
{"code":4001,"message":"ocnusdt has no data"}
=================================【Tue Jul 31 2018 04:42:20 GMT+0800 (中国标准时间)】:error
{"message":"get balance error"}
=================================【Tue Jul 31 2018 04:42:20 GMT+0800 (中国标准时间)】:error
{"code":4001,"message":"ocnusdt has no data"}
=================================【Tue Jul 31 2018 04:42:21 GMT+0800 (中国标准时间)】:error
{"code":4001,"message":"btcusdt has no data"}
=================================【Tue Jul 31 2018 04:42:26 GMT+0800 (中国标准时间)】:error
{"message":"get balance error"}
=================================【Tue Jul 31 2018 04:42:30 GMT+0800 (中国标准时间)】:error
{"code":4001,"message":"ocnusdt has no data"}
=================================【Tue Jul 31 2018 04:42:30 GMT+0800 (中国标准时间)】:error
{"code":4001,"message":"ocnusdt has no data"}
=================================【Tue Jul 31 2018 04:42:35 GMT+0800 (中国标准时间)】:error
{"code":4001,"message":"ocnusdt has no data"}
=================================【Tue Jul 31 2018 04:42:36 GMT+0800 (中国标准时间)】:error
{"code":4001,"message":"btcusdt has no data"}
=================================【Tue Jul 31 2018 04:42:36 GMT+0800 (中国标准时间)】:error
{"code":4001,"message":"ocnbtc has no data"}
=================================【Tue Jul 31 2018 04:42:37 GMT+0800 (中国标准时间)】:error
{"message":"get balance error"}
=================================【Tue Jul 31 2018 04:42:37 GMT+0800 (中国标准时间)】:error
{"code":4001,"message":"ocnusdt has no data"}
=================================【Tue Jul 31 2018 04:42:37 GMT+0800 (中国标准时间)】:error
{"code":4001,"message":"ocnusdt has no data"}
=================================【Tue Jul 31 2018 04:42:38 GMT+0800 (中国标准时间)】:error
{"code":4001,"message":"ocnusdt has no data"}
=================================【Tue Jul 31 2018 04:42:38 GMT+0800 (中国标准时间)】:error
{"code":4001,"message":"ocnusdt has no data"}
=================================【Tue Jul 31 2018 04:42:39 GMT+0800 (中国标准时间)】:error
{"code":4001,"message":"ocnusdt has no data"}
=================================【Tue Jul 31 2018 04:42:39 GMT+0800 (中国标准时间)】:error
{"code":4001,"message":"ocnbtc has no data"}
=================================【Tue Jul 31 2018 04:42:40 GMT+0800 (中国标准时间)】:error
{"message":"get balance error"}
=================================【Tue Jul 31 2018 05:03:53 GMT+0800 (中国标准时间)】:error
{"code":4001,"message":"ocnbtc has no data"}
=================================【Tue Jul 31 2018 05:03:54 GMT+0800 (中国标准时间)】:error
{"code":4001,"message":"ocnusdt has no data"}
=================================【Tue Jul 31 2018 05:03:54 GMT+0800 (中国标准时间)】:error
{"code":4001,"message":"ocnusdt has no data"}
=================================【Tue Jul 31 2018 05:03:55 GMT+0800 (中国标准时间)】:error
{"code":4001,"message":"ocnusdt has no data"}
=================================【Tue Jul 31 2018 05:03:55 GMT+0800 (中国标准时间)】:error
{"code":4001,"message":"ocnusdt has no data"}
=================================【Tue Jul 31 2018 05:03:55 GMT+0800 (中国标准时间)】:error
{"code":4001,"message":"ocnusdt has no data"}
=================================【Tue Jul 31 2018 05:03:56 GMT+0800 (中国标准时间)】:error
{"code":4001,"message":"ocnusdt has no data"}
=================================【Tue Jul 31 2018 05:03:56 GMT+0800 (中国标准时间)】:error
{"message":"get balance error"}
=================================【Tue Jul 31 2018 05:03:56 GMT+0800 (中国标准时间)】:error
{"code":4001,"message":"ocnusdt has no data"}
=================================【Tue Jul 31 2018 05:03:57 GMT+0800 (中国标准时间)】:error
{"code":4001,"message":"ocnusdt has no data"}
=================================【Tue Jul 31 2018 05:03:57 GMT+0800 (中国标准时间)】:error
{"code":4001,"message":"ocnusdt has no data"}
=================================【Tue Jul 31 2018 05:03:58 GMT+0800 (中国标准时间)】:error
{"code":4001,"message":"ocnusdt has no data"}
=================================【Tue Jul 31 2018 05:03:59 GMT+0800 (中国标准时间)】:error
{"code":4001,"message":"ocnbtc has no data"}
=================================【Tue Jul 31 2018 05:03:59 GMT+0800 (中国标准时间)】:error
{"code":4001,"message":"ocnusdt has no data"}
=================================【Tue Jul 31 2018 05:03:59 GMT+0800 (中国标准时间)】:error
{"message":"get balance error"}
=================================【Tue Jul 31 2018 05:04:00 GMT+0800 (中国标准时间)】:error
{"code":4001,"message":"btcusdt has no data"}
=================================【Tue Jul 31 2018 05:04:01 GMT+0800 (中国标准时间)】:error
{"code":4001,"message":"ocnusdt has no data"}
=================================【Tue Jul 31 2018 05:04:01 GMT+0800 (中国标准时间)】:error
{"code":4001,"message":"ocnusdt has no data"}
=================================【Tue Jul 31 2018 05:04:02 GMT+0800 (中国标准时间)】:error
{"code":4001,"message":"ocnusdt has no data"}
=================================【Tue Jul 31 2018 05:04:02 GMT+0800 (中国标准时间)】:error
{"code":4001,"message":"ocnusdt has no data"}
=================================【Tue Jul 31 2018 05:04:02 GMT+0800 (中国标准时间)】:error
{"message":"get balance error"}
=================================【Tue Jul 31 2018 05:04:03 GMT+0800 (中国标准时间)】:error
{"code":4001,"message":"ocnusdt has no data"}
=================================【Tue Jul 31 2018 05:04:03 GMT+0800 (中国标准时间)】:error
{"code":4001,"message":"ocnusdt has no data"}
=================================【Tue Jul 31 2018 05:04:04 GMT+0800 (中国标准时间)】:error
{"code":4001,"message":"ocnusdt has no data"}
=================================【Tue Jul 31 2018 05:04:04 GMT+0800 (中国标准时间)】:error
{"code":4001,"message":"ocnusdt has no data"}
=================================【Tue Jul 31 2018 05:04:04 GMT+0800 (中国标准时间)】:error
{"message":"get balance error"}
=================================【Tue Jul 31 2018 05:04:05 GMT+0800 (中国标准时间)】:error
{"code":4001,"message":"ocnusdt has no data"}
=================================【Tue Jul 31 2018 05:04:05 GMT+0800 (中国标准时间)】:error
{"code":4001,"message":"ocnusdt has no data"}
=================================【Tue Jul 31 2018 05:04:05 GMT+0800 (中国标准时间)】:error
{"message":"get balance error"}
=================================【Tue Jul 31 2018 05:04:06 GMT+0800 (中国标准时间)】:error
{"code":4001,"message":"ocnusdt has no data"}
=================================【Tue Jul 31 2018 05:04:06 GMT+0800 (中国标准时间)】:error
{"code":4001,"message":"ocnusdt has no data"}
=================================【Tue Jul 31 2018 05:04:07 GMT+0800 (中国标准时间)】:error
{"code":4001,"message":"ocnusdt has no data"}
=================================【Tue Jul 31 2018 05:04:07 GMT+0800 (中国标准时间)】:error
{"message":"get balance error"}
=================================【Tue Jul 31 2018 05:04:08 GMT+0800 (中国标准时间)】:error
{"message":"get balance error"}
=================================【Tue Jul 31 2018 05:04:08 GMT+0800 (中国标准时间)】:error
{"code":4001,"message":"ocnbtc has no data"}
=================================【Tue Jul 31 2018 05:04:09 GMT+0800 (中国标准时间)】:error
{"code":4001,"message":"ocnusdt has no data"}
=================================【Tue Jul 31 2018 05:04:09 GMT+0800 (中国标准时间)】:error
{"code":4001,"message":"ocnusdt has no data"}
=================================【Tue Jul 31 2018 05:04:10 GMT+0800 (中国标准时间)】:error
{"code":4001,"message":"ocnusdt has no data"}
=================================【Tue Jul 31 2018 05:04:10 GMT+0800 (中国标准时间)】:error
{"code":4001,"message":"ocnusdt has no data"}
=================================【Tue Jul 31 2018 05:04:11 GMT+0800 (中国标准时间)】:error
{"code":4001,"message":"ocnusdt has no data"}
=================================【Tue Jul 31 2018 05:04:11 GMT+0800 (中国标准时间)】:error
{"code":4001,"message":"ocnusdt has no data"}
=================================【Tue Jul 31 2018 05:04:11 GMT+0800 (中国标准时间)】:error
{"message":"get balance error"}
=================================【Tue Jul 31 2018 05:04:12 GMT+0800 (中国标准时间)】:error
{"code":4001,"message":"ocnusdt has no data"}
=================================【Tue Jul 31 2018 05:04:12 GMT+0800 (中国标准时间)】:error
{"code":4001,"message":"ocnusdt has no data"}
=================================【Tue Jul 31 2018 05:04:13 GMT+0800 (中国标准时间)】:error
{"code":4001,"message":"ocnusdt has no data"}
=================================【Tue Jul 31 2018 05:04:13 GMT+0800 (中国标准时间)】:error
{"message":"get balance error"}
=================================【Tue Jul 31 2018 05:04:13 GMT+0800 (中国标准时间)】:error
{"code":4001,"message":"ocnusdt has no data"}
=================================【Tue Jul 31 2018 05:04:14 GMT+0800 (中国标准时间)】:error
{"code":4001,"message":"ocnusdt has no data"}
=================================【Tue Jul 31 2018 05:04:14 GMT+0800 (中国标准时间)】:error
{"code":4001,"message":"ocnusdt has no data"}
=================================【Tue Jul 31 2018 05:04:15 GMT+0800 (中国标准时间)】:error
{"code":4001,"message":"ocnbtc has no data"}
=================================【Tue Jul 31 2018 05:04:15 GMT+0800 (中国标准时间)】:error
{"code":4001,"message":"ocnusdt has no data"}
=================================【Tue Jul 31 2018 05:04:16 GMT+0800 (中国标准时间)】:error
{"code":4001,"message":"ocnusdt has no data"}
=================================【Tue Jul 31 2018 05:04:16 GMT+0800 (中国标准时间)】:error
{"code":4001,"message":"ocnusdt has no data"}
=================================【Tue Jul 31 2018 05:04:17 GMT+0800 (中国标准时间)】:error
{"code":4001,"message":"ocnbtc has no data"}
=================================【Tue Jul 31 2018 05:04:18 GMT+0800 (中国标准时间)】:error
{"code":4001,"message":"ocnbtc has no data"}
=================================【Tue Jul 31 2018 05:04:18 GMT+0800 (中国标准时间)】:error
{"code":4001,"message":"ocnusdt has no data"}
=================================【Tue Jul 31 2018 05:04:19 GMT+0800 (中国标准时间)】:error
{"code":4001,"message":"ocnusdt has no data"}
=================================【Tue Jul 31 2018 05:04:19 GMT+0800 (中国标准时间)】:error
{"code":4001,"message":"ocnusdt has no data"}
=================================【Tue Jul 31 2018 05:04:20 GMT+0800 (中国标准时间)】:error
{"code":4001,"message":"ocnusdt has no data"}
=================================【Tue Jul 31 2018 05:04:20 GMT+0800 (中国标准时间)】:error
{"code":4001,"message":"ocnusdt has no data"}
=================================【Tue Jul 31 2018 05:04:21 GMT+0800 (中国标准时间)】:error
{"message":"get balance error"}
=================================【Tue Jul 31 2018 05:04:21 GMT+0800 (中国标准时间)】:error
{"code":4001,"message":"ocnusdt has no data"}
=================================【Tue Jul 31 2018 05:04:22 GMT+0800 (中国标准时间)】:error
{"code":4001,"message":"ocnusdt has no data"}
=================================【Tue Jul 31 2018 05:04:22 GMT+0800 (中国标准时间)】:error
{"code":4001,"message":"ocnusdt has no data"}
=================================【Tue Jul 31 2018 05:04:23 GMT+0800 (中国标准时间)】:error
{"message":"get balance error"}
=================================【Tue Jul 31 2018 05:04:23 GMT+0800 (中国标准时间)】:error
{"code":4001,"message":"ocnbtc has no data"}
=================================【Tue Jul 31 2018 05:04:24 GMT+0800 (中国标准时间)】:error
{"code":4001,"message":"ocnusdt has no data"}
=================================【Tue Jul 31 2018 05:04:24 GMT+0800 (中国标准时间)】:error
{"message":"get balance error"}
=================================【Tue Jul 31 2018 05:04:24 GMT+0800 (中国标准时间)】:error
{"code":4001,"message":"ocnusdt has no data"}
=================================【Tue Jul 31 2018 05:04:25 GMT+0800 (中国标准时间)】:error
{"code":4001,"message":"ocnusdt has no data"}
=================================【Tue Jul 31 2018 05:04:25 GMT+0800 (中国标准时间)】:error
{"message":"get balance error"}
=================================【Tue Jul 31 2018 05:04:25 GMT+0800 (中国标准时间)】:error
{"code":4001,"message":"ocnusdt has no data"}
=================================【Tue Jul 31 2018 05:04:26 GMT+0800 (中国标准时间)】:error
{"code":4001,"message":"ocnusdt has no data"}
=================================【Tue Jul 31 2018 05:04:26 GMT+0800 (中国标准时间)】:error
{"message":"get balance error"}
=================================【Tue Jul 31 2018 05:04:26 GMT+0800 (中国标准时间)】:error
{"message":"get balance error"}
=================================【Tue Jul 31 2018 05:04:27 GMT+0800 (中国标准时间)】:error
{"code":4001,"message":"ocnusdt has no data"}
=================================【Tue Jul 31 2018 05:04:27 GMT+0800 (中国标准时间)】:error
{"message":"get balance error"}
=================================【Tue Jul 31 2018 05:04:27 GMT+0800 (中国标准时间)】:error
{"message":"get balance error"}
=================================【Tue Jul 31 2018 05:04:27 GMT+0800 (中国标准时间)】:error
{"message":"get balance error"}
=================================【Tue Jul 31 2018 05:04:28 GMT+0800 (中国标准时间)】:error
{"code":4001,"message":"ocnusdt has no data"}
=================================【Tue Jul 31 2018 05:04:28 GMT+0800 (中国标准时间)】:error
{"code":4001,"message":"ocnusdt has no data"}
=================================【Tue Jul 31 2018 05:04:28 GMT+0800 (中国标准时间)】:error
{"code":4001,"message":"ocnusdt has no data"}
=================================【Tue Jul 31 2018 05:04:29 GMT+0800 (中国标准时间)】:error
{"message":"get balance error"}
=================================【Tue Jul 31 2018 05:04:29 GMT+0800 (中国标准时间)】:error
{"message":"get balance error"}
=================================【Tue Jul 31 2018 05:04:29 GMT+0800 (中国标准时间)】:error
{"message":"get balance error"}
=================================【Tue Jul 31 2018 05:04:29 GMT+0800 (中国标准时间)】:error
{"code":4001,"message":"ocnusdt has no data"}
=================================【Tue Jul 31 2018 05:04:30 GMT+0800 (中国标准时间)】:error
{"code":4001,"message":"ocnusdt has no data"}
=================================【Tue Jul 31 2018 05:04:31 GMT+0800 (中国标准时间)】:error
{"code":4001,"message":"ocnusdt has no data"}
=================================【Tue Jul 31 2018 05:04:31 GMT+0800 (中国标准时间)】:error
{"code":4001,"message":"ocnusdt has no data"}
=================================【Tue Jul 31 2018 05:04:31 GMT+0800 (中国标准时间)】:error
{"code":4001,"message":"ocnusdt has no data"}
=================================【Tue Jul 31 2018 05:04:32 GMT+0800 (中国标准时间)】:error
{"code":4001,"message":"ocnusdt has no data"}
=================================【Tue Jul 31 2018 05:04:33 GMT+0800 (中国标准时间)】:error
{"code":4001,"message":"ocnbtc has no data"}
=================================【Tue Jul 31 2018 05:04:34 GMT+0800 (中国标准时间)】:error
{"code":4001,"message":"ocnusdt has no data"}
=================================【Tue Jul 31 2018 05:04:34 GMT+0800 (中国标准时间)】:error
{"code":4001,"message":"ocnusdt has no data"}
=================================【Tue Jul 31 2018 05:04:34 GMT+0800 (中国标准时间)】:error
{"code":4001,"message":"ocnusdt has no data"}
=================================【Tue Jul 31 2018 05:04:35 GMT+0800 (中国标准时间)】:error
{"code":4001,"message":"ocnbtc has no data"}
=================================【Tue Jul 31 2018 05:04:36 GMT+0800 (中国标准时间)】:error
{"code":4001,"message":"ocnbtc has no data"}
=================================【Tue Jul 31 2018 05:04:36 GMT+0800 (中国标准时间)】:error
{"message":"get balance error"}
=================================【Tue Jul 31 2018 05:04:36 GMT+0800 (中国标准时间)】:error
{"code":4001,"message":"ocnusdt has no data"}
=================================【Tue Jul 31 2018 05:04:37 GMT+0800 (中国标准时间)】:error
{"message":"get balance error"}
=================================【Tue Jul 31 2018 05:04:37 GMT+0800 (中国标准时间)】:error
{"code":4001,"message":"ocnusdt has no data"}
=================================【Tue Jul 31 2018 05:04:38 GMT+0800 (中国标准时间)】:error
{"code":4001,"message":"ocnusdt has no data"}
=================================【Tue Jul 31 2018 05:04:38 GMT+0800 (中国标准时间)】:error
{"code":4001,"message":"ocnbtc has no data"}
=================================【Tue Jul 31 2018 05:04:38 GMT+0800 (中国标准时间)】:error
{"message":"get balance error"}
=================================【Tue Jul 31 2018 05:04:39 GMT+0800 (中国标准时间)】:error
{"code":4001,"message":"ocnusdt has no data"}
=================================【Tue Jul 31 2018 05:04:39 GMT+0800 (中国标准时间)】:error
{"message":"get balance error"}
=================================【Tue Jul 31 2018 05:04:39 GMT+0800 (中国标准时间)】:error
{"code":4001,"message":"ocnusdt has no data"}
=================================【Tue Jul 31 2018 05:04:40 GMT+0800 (中国标准时间)】:error
{"code":4001,"message":"ocnusdt has no data"}
=================================【Tue Jul 31 2018 05:04:40 GMT+0800 (中国标准时间)】:error
{"code":4001,"message":"ocnusdt has no data"}
=================================【Tue Jul 31 2018 05:04:41 GMT+0800 (中国标准时间)】:error
{"code":4001,"message":"ocnusdt has no data"}
=================================【Tue Jul 31 2018 05:04:41 GMT+0800 (中国标准时间)】:error
{"message":"get balance error"}
=================================【Tue Jul 31 2018 05:04:41 GMT+0800 (中国标准时间)】:error
{"code":4001,"message":"ocnusdt has no data"}
=================================【Tue Jul 31 2018 05:04:42 GMT+0800 (中国标准时间)】:error
{"code":4001,"message":"ocnusdt has no data"}
=================================【Tue Jul 31 2018 05:04:42 GMT+0800 (中国标准时间)】:error
{"message":"get balance error"}
=================================【Tue Jul 31 2018 05:04:42 GMT+0800 (中国标准时间)】:error
{"code":4001,"message":"ocnusdt has no data"}
=================================【Tue Jul 31 2018 05:04:43 GMT+0800 (中国标准时间)】:error
{"code":4001,"message":"ocnusdt has no data"}
=================================【Tue Jul 31 2018 05:04:43 GMT+0800 (中国标准时间)】:error
{"code":4001,"message":"ocnusdt has no data"}
=================================【Tue Jul 31 2018 05:04:44 GMT+0800 (中国标准时间)】:error
{"code":4001,"message":"ocnusdt has no data"}
=================================【Tue Jul 31 2018 05:04:44 GMT+0800 (中国标准时间)】:error
{"code":4001,"message":"ocnusdt has no data"}
=================================【Tue Jul 31 2018 05:04:44 GMT+0800 (中国标准时间)】:error
{"code":4001,"message":"ocnusdt has no data"}
=================================【Tue Jul 31 2018 05:04:45 GMT+0800 (中国标准时间)】:error
{"message":"get balance error"}
=================================【Tue Jul 31 2018 05:04:45 GMT+0800 (中国标准时间)】:error
{"code":4001,"message":"ocnbtc has no data"}
=================================【Tue Jul 31 2018 05:04:46 GMT+0800 (中国标准时间)】:error
{"code":4001,"message":"ocnusdt has no data"}
=================================【Tue Jul 31 2018 05:04:46 GMT+0800 (中国标准时间)】:error
{"code":4001,"message":"ocnusdt has no data"}
=================================【Tue Jul 31 2018 05:04:48 GMT+0800 (中国标准时间)】:error
{"code":4001,"message":"btcusdt has no data"}
=================================【Tue Jul 31 2018 05:04:49 GMT+0800 (中国标准时间)】:error
{"code":4001,"message":"ocnbtc has no data"}
=================================【Tue Jul 31 2018 05:04:49 GMT+0800 (中国标准时间)】:error
{"code":4001,"message":"ocnusdt has no data"}
=================================【Tue Jul 31 2018 05:04:49 GMT+0800 (中国标准时间)】:error
{"code":4001,"message":"ocnusdt has no data"}
=================================【Tue Jul 31 2018 05:04:50 GMT+0800 (中国标准时间)】:error
{"code":4001,"message":"ocnusdt has no data"}
=================================【Tue Jul 31 2018 05:04:50 GMT+0800 (中国标准时间)】:error
{"code":4001,"message":"ocnbtc has no data"}
=================================【Tue Jul 31 2018 05:04:51 GMT+0800 (中国标准时间)】:error
{"message":"get balance error"}
=================================【Tue Jul 31 2018 05:04:51 GMT+0800 (中国标准时间)】:error
{"code":4001,"message":"ocnusdt has no data"}
=================================【Tue Jul 31 2018 05:04:52 GMT+0800 (中国标准时间)】:error
{"code":4001,"message":"ocnusdt has no data"}
=================================【Tue Jul 31 2018 05:04:52 GMT+0800 (中国标准时间)】:error
{"code":4001,"message":"ocnusdt has no data"}
=================================【Tue Jul 31 2018 05:04:53 GMT+0800 (中国标准时间)】:error
{"code":4001,"message":"ocnusdt has no data"}
=================================【Tue Jul 31 2018 05:04:53 GMT+0800 (中国标准时间)】:error
{"code":4001,"message":"ocnbtc has no data"}
=================================【Tue Jul 31 2018 05:04:54 GMT+0800 (中国标准时间)】:error
{"code":4001,"message":"ocnusdt has no data"}
=================================【Tue Jul 31 2018 05:04:54 GMT+0800 (中国标准时间)】:error
{"message":"get balance error"}
=================================【Tue Jul 31 2018 05:04:55 GMT+0800 (中国标准时间)】:error
{"code":4001,"message":"ocnusdt has no data"}
=================================【Tue Jul 31 2018 05:04:55 GMT+0800 (中国标准时间)】:error
{"code":4001,"message":"ocnusdt has no data"}
=================================【Tue Jul 31 2018 05:04:57 GMT+0800 (中国标准时间)】:error
{"code":4001,"message":"ocnbtc has no data"}
=================================【Tue Jul 31 2018 05:04:57 GMT+0800 (中国标准时间)】:error
{"code":4001,"message":"ocnusdt has no data"}
=================================【Tue Jul 31 2018 05:04:57 GMT+0800 (中国标准时间)】:error
{"message":"get balance error"}
=================================【Tue Jul 31 2018 05:04:58 GMT+0800 (中国标准时间)】:error
{"code":4001,"message":"ocnbtc has no data"}
=================================【Tue Jul 31 2018 05:04:58 GMT+0800 (中国标准时间)】:error
{"code":4001,"message":"ocnusdt has no data"}
=================================【Tue Jul 31 2018 05:04:59 GMT+0800 (中国标准时间)】:error
{"code":4001,"message":"ocnusdt has no data"}
=================================【Tue Jul 31 2018 05:04:59 GMT+0800 (中国标准时间)】:error
{"code":4001,"message":"ocnbtc has no data"}
=================================【Tue Jul 31 2018 05:05:00 GMT+0800 (中国标准时间)】:error
{"code":4001,"message":"ocnusdt has no data"}
=================================【Tue Jul 31 2018 05:05:00 GMT+0800 (中国标准时间)】:error
{"code":4001,"message":"ocnusdt has no data"}
=================================【Tue Jul 31 2018 05:05:00 GMT+0800 (中国标准时间)】:error
{"message":"get balance error"}
=================================【Tue Jul 31 2018 05:05:01 GMT+0800 (中国标准时间)】:error
{"message":"get balance error"}
=================================【Tue Jul 31 2018 05:05:01 GMT+0800 (中国标准时间)】:error
{"code":4001,"message":"ocnusdt has no data"}
=================================【Tue Jul 31 2018 05:05:01 GMT+0800 (中国标准时间)】:error
{"code":4001,"message":"ocnusdt has no data"}
=================================【Tue Jul 31 2018 05:05:02 GMT+0800 (中国标准时间)】:error
{"code":4001,"message":"ocnusdt has no data"}
=================================【Tue Jul 31 2018 05:05:02 GMT+0800 (中国标准时间)】:error
{"code":4001,"message":"ocnbtc has no data"}
=================================【Tue Jul 31 2018 05:05:03 GMT+0800 (中国标准时间)】:error
{"code":4001,"message":"ocnusdt has no data"}
=================================【Tue Jul 31 2018 05:05:04 GMT+0800 (中国标准时间)】:error
{"code":4001,"message":"btcusdt has no data"}
=================================【Tue Jul 31 2018 05:05:04 GMT+0800 (中国标准时间)】:error
{"code":4001,"message":"ocnusdt has no data"}
=================================【Tue Jul 31 2018 05:05:04 GMT+0800 (中国标准时间)】:error
{"code":4001,"message":"ocnusdt has no data"}
=================================【Tue Jul 31 2018 05:05:05 GMT+0800 (中国标准时间)】:error
{"code":4001,"message":"ocnusdt has no data"}
=================================【Tue Jul 31 2018 05:05:05 GMT+0800 (中国标准时间)】:error
{"code":4001,"message":"ocnusdt has no data"}
=================================【Tue Jul 31 2018 05:05:05 GMT+0800 (中国标准时间)】:error
{"message":"get balance error"}
=================================【Tue Jul 31 2018 05:05:06 GMT+0800 (中国标准时间)】:error
{"code":4001,"message":"ocnusdt has no data"}
=================================【Tue Jul 31 2018 05:05:07 GMT+0800 (中国标准时间)】:error
{"code":4001,"message":"btcusdt has no data"}
=================================【Tue Jul 31 2018 05:05:07 GMT+0800 (中国标准时间)】:error
{"code":4001,"message":"ocnusdt has no data"}
=================================【Tue Jul 31 2018 05:05:08 GMT+0800 (中国标准时间)】:error
{"code":4001,"message":"ocnusdt has no data"}
=================================【Tue Jul 31 2018 05:05:08 GMT+0800 (中国标准时间)】:error
{"code":4001,"message":"ocnusdt has no data"}
=================================【Tue Jul 31 2018 05:05:08 GMT+0800 (中国标准时间)】:error
{"message":"get balance error"}
=================================【Tue Jul 31 2018 05:05:09 GMT+0800 (中国标准时间)】:error
{"code":4001,"message":"ocnusdt has no data"}
=================================【Tue Jul 31 2018 05:05:09 GMT+0800 (中国标准时间)】:error
{"code":4001,"message":"ocnusdt has no data"}
=================================【Tue Jul 31 2018 05:05:10 GMT+0800 (中国标准时间)】:error
{"code":4001,"message":"ocnusdt has no data"}
=================================【Tue Jul 31 2018 05:05:10 GMT+0800 (中国标准时间)】:error
{"code":4001,"message":"ocnusdt has no data"}
=================================【Tue Jul 31 2018 05:05:10 GMT+0800 (中国标准时间)】:error
{"code":4001,"message":"ocnusdt has no data"}
=================================【Tue Jul 31 2018 05:05:11 GMT+0800 (中国标准时间)】:error
{"code":4001,"message":"ocnusdt has no data"}
=================================【Tue Jul 31 2018 05:05:11 GMT+0800 (中国标准时间)】:error
{"code":4001,"message":"ocnusdt has no data"}
=================================【Tue Jul 31 2018 05:05:11 GMT+0800 (中国标准时间)】:error
{"message":"get balance error"}
=================================【Tue Jul 31 2018 05:05:15 GMT+0800 (中国标准时间)】:error
{"code":4001,"message":"ocnusdt has no data"}
=================================【Tue Jul 31 2018 05:05:15 GMT+0800 (中国标准时间)】:error
{"message":"get balance error"}
=================================【Tue Jul 31 2018 05:05:16 GMT+0800 (中国标准时间)】:error
{"message":"get balance error"}
=================================【Tue Jul 31 2018 05:05:16 GMT+0800 (中国标准时间)】:error
{"code":4001,"message":"ocnusdt has no data"}
=================================【Tue Jul 31 2018 05:05:16 GMT+0800 (中国标准时间)】:error
{"code":4001,"message":"ocnusdt has no data"}
=================================【Tue Jul 31 2018 05:05:17 GMT+0800 (中国标准时间)】:error
{"code":4001,"message":"ocnusdt has no data"}
=================================【Tue Jul 31 2018 05:05:17 GMT+0800 (中国标准时间)】:error
{"code":4001,"message":"ocnusdt has no data"}
=================================【Tue Jul 31 2018 05:05:18 GMT+0800 (中国标准时间)】:error
{"code":4001,"message":"ocnusdt has no data"}
=================================【Tue Jul 31 2018 05:05:18 GMT+0800 (中国标准时间)】:error
{"message":"get balance error"}
=================================【Tue Jul 31 2018 05:05:18 GMT+0800 (中国标准时间)】:error
{"message":"get balance error"}
=================================【Tue Jul 31 2018 05:05:19 GMT+0800 (中国标准时间)】:error
{"code":4001,"message":"ocnbtc has no data"}
=================================【Tue Jul 31 2018 05:05:19 GMT+0800 (中国标准时间)】:error
{"code":4001,"message":"ocnusdt has no data"}
=================================【Tue Jul 31 2018 05:05:20 GMT+0800 (中国标准时间)】:error
{"code":4001,"message":"ocnusdt has no data"}
=================================【Tue Jul 31 2018 05:05:20 GMT+0800 (中国标准时间)】:error
{"code":4001,"message":"ocnusdt has no data"}
=================================【Tue Jul 31 2018 05:05:21 GMT+0800 (中国标准时间)】:error
{"code":4001,"message":"ocnusdt has no data"}
=================================【Tue Jul 31 2018 05:05:21 GMT+0800 (中国标准时间)】:error
{"message":"get balance error"}
=================================【Tue Jul 31 2018 05:05:21 GMT+0800 (中国标准时间)】:error
{"code":4001,"message":"ocnusdt has no data"}
=================================【Tue Jul 31 2018 05:05:22 GMT+0800 (中国标准时间)】:error
{"code":4001,"message":"ocnusdt has no data"}
=================================【Tue Jul 31 2018 05:05:22 GMT+0800 (中国标准时间)】:error
{"code":4001,"message":"ocnusdt has no data"}
=================================【Tue Jul 31 2018 05:05:23 GMT+0800 (中国标准时间)】:error
{"code":4001,"message":"ocnusdt has no data"}
=================================【Tue Jul 31 2018 05:05:23 GMT+0800 (中国标准时间)】:error
{"code":4001,"message":"ocnusdt has no data"}
=================================【Tue Jul 31 2018 05:05:24 GMT+0800 (中国标准时间)】:error
{"code":4001,"message":"ocnusdt has no data"}
=================================【Tue Jul 31 2018 05:05:24 GMT+0800 (中国标准时间)】:error
{"message":"get balance error"}
=================================【Tue Jul 31 2018 06:20:54 GMT+0800 (中国标准时间)】:trade
{"order":[{"amount":2608.695652173913,"price":0.0069,"type":"buy-limit","symbol":"ocnusdt"},{"amount":2603.478260869565,"price":8.476e-7,"type":"sell-limit","symbol":"ocnbtc"},{"amount":0.0022022947575652176,"price":8193.84,"type":"sell-limit","symbol":"btcusdt"}]}
in_dif_val:-0.39755493077766246
out_dif_val:0.009160374575525765
market : {"buy":{"ocnusdt":0.0069,"ocnbtc":8.484e-7,"btcusdt":8194.955},"sell":{"ocnusdt":0.00684,"ocnbtc":8.476e-7,"btcusdt":8193.84}}
orderids : 8963671583,8963671779,8963672481

=================================【Tue Jul 31 2018 06:31:42 GMT+0800 (中国标准时间)】:trade
{"order":[{"amount":2589.928057553957,"price":0.00695,"type":"buy-limit","symbol":"ocnusdt"},{"amount":2584.748201438849,"price":8.603e-7,"type":"sell-limit","symbol":"ocnbtc"},{"amount":0.002219211559942446,"price":8164.7,"type":"sell-limit","symbol":"btcusdt"}]}
in_dif_val:-0.37437782606183845
out_dif_val:0.08295823021516568
market : {"buy":{"ocnusdt":0.00695,"ocnbtc":8.603499999999999e-7,"btcusdt":8164.895},"sell":{"ocnusdt":0.00692,"ocnbtc":8.603e-7,"btcusdt":8164.7}}
orderids : 8964188428,8964188610,8964188850

=================================【Tue Jul 31 2018 06:32:44 GMT+0800 (中国标准时间)】:trade
{"order":[{"amount":2580.6451612903224,"price":0.006975,"type":"buy-limit","symbol":"ocnusdt"},{"amount":2575.483870967742,"price":8.602e-7,"type":"sell-limit","symbol":"ocnbtc"},{"amount":0.0022110003633548387,"price":8162,"type":"sell-limit","symbol":"btcusdt"}]}
in_dif_val:-0.2962109658879264
out_dif_val:0.010092595770789359
market : {"buy":{"ocnusdt":0.006975,"ocnbtc":8.603e-7,"btcusdt":8164.5599999999995},"sell":{"ocnusdt":0.00695,"ocnbtc":8.602e-7,"btcusdt":8162}}
orderids : 8964242511,8964242711,8964242980

=================================【Tue Jul 31 2018 09:27:48 GMT+0800 (中国标准时间)】:error
{"code":4001,"message":"ocnusdt has no data"}
=================================【Tue Jul 31 2018 09:27:48 GMT+0800 (中国标准时间)】:error
{"message":"get balance error"}
=================================【Tue Jul 31 2018 09:27:48 GMT+0800 (中国标准时间)】:error
{"message":"get balance error"}
=================================【Tue Jul 31 2018 09:27:48 GMT+0800 (中国标准时间)】:error
{"message":"get balance error"}
=================================【Tue Jul 31 2018 09:27:49 GMT+0800 (中国标准时间)】:error
{"code":4001,"message":"ocnusdt has no data"}
=================================【Tue Jul 31 2018 09:27:49 GMT+0800 (中国标准时间)】:error
{"message":"get balance error"}
=================================【Tue Jul 31 2018 09:27:49 GMT+0800 (中国标准时间)】:error
{"message":"get balance error"}
=================================【Tue Jul 31 2018 09:27:50 GMT+0800 (中国标准时间)】:error
{"message":"get balance error"}
=================================【Tue Jul 31 2018 09:27:50 GMT+0800 (中国标准时间)】:error
{"message":"get balance error"}
=================================【Tue Jul 31 2018 09:27:50 GMT+0800 (中国标准时间)】:error
{"message":"get balance error"}
=================================【Tue Jul 31 2018 09:27:50 GMT+0800 (中国标准时间)】:error
{"message":"get balance error"}
=================================【Tue Jul 31 2018 09:27:51 GMT+0800 (中国标准时间)】:error
{"code":4001,"message":"ocnusdt has no data"}
=================================【Tue Jul 31 2018 09:27:51 GMT+0800 (中国标准时间)】:error
{"message":"get balance error"}
=================================【Tue Jul 31 2018 09:27:51 GMT+0800 (中国标准时间)】:error
{"message":"get balance error"}
=================================【Tue Jul 31 2018 09:27:51 GMT+0800 (中国标准时间)】:error
{"message":"get balance error"}
=================================【Tue Jul 31 2018 09:27:52 GMT+0800 (中国标准时间)】:error
{"message":"get balance error"}
=================================【Tue Jul 31 2018 09:27:52 GMT+0800 (中国标准时间)】:error
{"message":"get balance error"}
=================================【Tue Jul 31 2018 09:27:52 GMT+0800 (中国标准时间)】:error
{"message":"get balance error"}
=================================【Tue Jul 31 2018 09:27:53 GMT+0800 (中国标准时间)】:error
{"message":"get balance error"}
=================================【Tue Jul 31 2018 09:27:53 GMT+0800 (中国标准时间)】:error
{"code":4001,"message":"ocnusdt has no data"}
=================================【Tue Jul 31 2018 09:27:53 GMT+0800 (中国标准时间)】:error
{"message":"get balance error"}
=================================【Tue Jul 31 2018 09:27:54 GMT+0800 (中国标准时间)】:error
{"message":"get balance error"}
=================================【Tue Jul 31 2018 09:27:55 GMT+0800 (中国标准时间)】:error
{"message":"get balance error"}
=================================【Tue Jul 31 2018 09:27:55 GMT+0800 (中国标准时间)】:error
{"message":"get balance error"}
=================================【Tue Jul 31 2018 09:27:55 GMT+0800 (中国标准时间)】:error
{"message":"get balance error"}
=================================【Tue Jul 31 2018 09:27:55 GMT+0800 (中国标准时间)】:error
{"message":"get balance error"}
=================================【Tue Jul 31 2018 09:27:55 GMT+0800 (中国标准时间)】:error
{"message":"get balance error"}
=================================【Tue Jul 31 2018 09:27:56 GMT+0800 (中国标准时间)】:error
{"message":"get balance error"}
=================================【Tue Jul 31 2018 09:27:56 GMT+0800 (中国标准时间)】:error
{"message":"get balance error"}
=================================【Tue Jul 31 2018 09:27:56 GMT+0800 (中国标准时间)】:error
{"message":"get balance error"}
=================================【Tue Jul 31 2018 09:27:57 GMT+0800 (中国标准时间)】:error
{"message":"get balance error"}
=================================【Tue Jul 31 2018 09:27:57 GMT+0800 (中国标准时间)】:error
{"message":"get balance error"}
=================================【Tue Jul 31 2018 09:27:57 GMT+0800 (中国标准时间)】:error
{"message":"get balance error"}
=================================【Tue Jul 31 2018 09:27:57 GMT+0800 (中国标准时间)】:error
{"message":"get balance error"}
=================================【Tue Jul 31 2018 09:27:57 GMT+0800 (中国标准时间)】:error
{"message":"get balance error"}
=================================【Tue Jul 31 2018 09:27:58 GMT+0800 (中国标准时间)】:error
{"message":"get balance error"}
=================================【Tue Jul 31 2018 09:27:58 GMT+0800 (中国标准时间)】:error
{"message":"get balance error"}
=================================【Tue Jul 31 2018 09:27:58 GMT+0800 (中国标准时间)】:error
{"message":"get balance error"}
=================================【Tue Jul 31 2018 09:27:59 GMT+0800 (中国标准时间)】:error
{"code":4001,"message":"ocnusdt has no data"}
=================================【Tue Jul 31 2018 09:27:59 GMT+0800 (中国标准时间)】:error
{"message":"get balance error"}
=================================【Tue Jul 31 2018 09:27:59 GMT+0800 (中国标准时间)】:error
{"message":"get balance error"}
=================================【Tue Jul 31 2018 09:27:59 GMT+0800 (中国标准时间)】:error
{"message":"get balance error"}
=================================【Tue Jul 31 2018 09:28:00 GMT+0800 (中国标准时间)】:error
{"message":"get balance error"}
=================================【Tue Jul 31 2018 09:28:00 GMT+0800 (中国标准时间)】:error
{"message":"get balance error"}
=================================【Tue Jul 31 2018 09:28:00 GMT+0800 (中国标准时间)】:error
{"message":"get balance error"}
=================================【Tue Jul 31 2018 09:28:00 GMT+0800 (中国标准时间)】:error
{"message":"get balance error"}
=================================【Tue Jul 31 2018 09:28:01 GMT+0800 (中国标准时间)】:error
{"message":"get balance error"}
=================================【Tue Jul 31 2018 09:28:01 GMT+0800 (中国标准时间)】:error
{"message":"get balance error"}
=================================【Tue Jul 31 2018 09:28:01 GMT+0800 (中国标准时间)】:error
{"message":"get balance error"}
=================================【Tue Jul 31 2018 09:28:01 GMT+0800 (中国标准时间)】:error
{"message":"get balance error"}
=================================【Tue Jul 31 2018 09:28:02 GMT+0800 (中国标准时间)】:error
{"message":"get balance error"}
=================================【Tue Jul 31 2018 09:28:02 GMT+0800 (中国标准时间)】:error
{"message":"get balance error"}
=================================【Tue Jul 31 2018 09:28:02 GMT+0800 (中国标准时间)】:error
{"message":"get balance error"}
=================================【Tue Jul 31 2018 09:28:02 GMT+0800 (中国标准时间)】:error
{"message":"get balance error"}
=================================【Tue Jul 31 2018 09:28:03 GMT+0800 (中国标准时间)】:error
{"message":"get balance error"}
=================================【Tue Jul 31 2018 09:28:03 GMT+0800 (中国标准时间)】:error
{"message":"get balance error"}
=================================【Tue Jul 31 2018 09:28:03 GMT+0800 (中国标准时间)】:error
{"message":"get balance error"}
=================================【Tue Jul 31 2018 09:28:03 GMT+0800 (中国标准时间)】:error
{"message":"get balance error"}
=================================【Tue Jul 31 2018 09:28:04 GMT+0800 (中国标准时间)】:error
{"message":"get balance error"}
=================================【Tue Jul 31 2018 09:28:04 GMT+0800 (中国标准时间)】:error
{"message":"get balance error"}
=================================【Tue Jul 31 2018 09:28:04 GMT+0800 (中国标准时间)】:error
{"message":"get balance error"}
=================================【Tue Jul 31 2018 09:28:04 GMT+0800 (中国标准时间)】:error
{"message":"get balance error"}
=================================【Tue Jul 31 2018 09:28:04 GMT+0800 (中国标准时间)】:error
{"message":"get balance error"}
=================================【Tue Jul 31 2018 09:28:05 GMT+0800 (中国标准时间)】:error
{"message":"get balance error"}
=================================【Tue Jul 31 2018 09:28:05 GMT+0800 (中国标准时间)】:error
{"message":"get balance error"}
=================================【Tue Jul 31 2018 09:28:05 GMT+0800 (中国标准时间)】:error
{"message":"get balance error"}
=================================【Tue Jul 31 2018 09:28:05 GMT+0800 (中国标准时间)】:error
{"message":"get balance error"}
=================================【Tue Jul 31 2018 09:28:06 GMT+0800 (中国标准时间)】:error
{"message":"get balance error"}
=================================【Tue Jul 31 2018 09:28:06 GMT+0800 (中国标准时间)】:error
{"message":"get balance error"}
=================================【Tue Jul 31 2018 09:28:06 GMT+0800 (中国标准时间)】:error
{"message":"get balance error"}
=================================【Tue Jul 31 2018 09:28:06 GMT+0800 (中国标准时间)】:error
{"message":"get balance error"}
=================================【Tue Jul 31 2018 09:28:07 GMT+0800 (中国标准时间)】:error
{"message":"get balance error"}
=================================【Tue Jul 31 2018 09:28:07 GMT+0800 (中国标准时间)】:error
{"message":"get balance error"}
=================================【Tue Jul 31 2018 09:28:07 GMT+0800 (中国标准时间)】:error
{"message":"get balance error"}
=================================【Tue Jul 31 2018 09:28:07 GMT+0800 (中国标准时间)】:error
{"message":"get balance error"}
=================================【Tue Jul 31 2018 09:28:08 GMT+0800 (中国标准时间)】:error
{"message":"get balance error"}
=================================【Tue Jul 31 2018 09:28:08 GMT+0800 (中国标准时间)】:error
{"message":"get balance error"}
=================================【Tue Jul 31 2018 09:28:08 GMT+0800 (中国标准时间)】:error
{"message":"get balance error"}
=================================【Tue Jul 31 2018 09:28:08 GMT+0800 (中国标准时间)】:error
{"message":"get balance error"}
=================================【Tue Jul 31 2018 09:28:08 GMT+0800 (中国标准时间)】:error
{"message":"get balance error"}
=================================【Tue Jul 31 2018 09:28:09 GMT+0800 (中国标准时间)】:error
{"message":"get balance error"}
=================================【Tue Jul 31 2018 09:28:09 GMT+0800 (中国标准时间)】:error
{"message":"get balance error"}
=================================【Tue Jul 31 2018 09:28:09 GMT+0800 (中国标准时间)】:error
{"message":"get balance error"}
=================================【Tue Jul 31 2018 09:28:09 GMT+0800 (中国标准时间)】:error
{"message":"get balance error"}
=================================【Tue Jul 31 2018 09:28:10 GMT+0800 (中国标准时间)】:error
{"message":"get balance error"}
=================================【Tue Jul 31 2018 09:28:10 GMT+0800 (中国标准时间)】:error
{"message":"get balance error"}
=================================【Tue Jul 31 2018 09:28:10 GMT+0800 (中国标准时间)】:error
{"message":"get balance error"}
=================================【Tue Jul 31 2018 09:28:10 GMT+0800 (中国标准时间)】:error
{"message":"get balance error"}
=================================【Tue Jul 31 2018 09:28:11 GMT+0800 (中国标准时间)】:error
{"message":"get balance error"}
=================================【Tue Jul 31 2018 09:28:11 GMT+0800 (中国标准时间)】:error
{"message":"get balance error"}
=================================【Tue Jul 31 2018 09:28:11 GMT+0800 (中国标准时间)】:error
{"message":"get balance error"}
=================================【Tue Jul 31 2018 09:28:11 GMT+0800 (中国标准时间)】:error
{"message":"get balance error"}
=================================【Tue Jul 31 2018 09:28:12 GMT+0800 (中国标准时间)】:error
{"message":"get balance error"}
=================================【Tue Jul 31 2018 09:28:12 GMT+0800 (中国标准时间)】:error
{"message":"get balance error"}
=================================【Tue Jul 31 2018 09:28:12 GMT+0800 (中国标准时间)】:error
{"message":"get balance error"}
=================================【Tue Jul 31 2018 09:28:12 GMT+0800 (中国标准时间)】:error
{"message":"get balance error"}
=================================【Tue Jul 31 2018 09:28:12 GMT+0800 (中国标准时间)】:error
{"message":"get balance error"}
=================================【Tue Jul 31 2018 09:28:13 GMT+0800 (中国标准时间)】:error
{"message":"get balance error"}
=================================【Tue Jul 31 2018 09:28:13 GMT+0800 (中国标准时间)】:error
{"message":"get balance error"}
=================================【Tue Jul 31 2018 09:28:13 GMT+0800 (中国标准时间)】:error
{"message":"get balance error"}
=================================【Tue Jul 31 2018 09:28:13 GMT+0800 (中国标准时间)】:error
{"message":"get balance error"}
=================================【Tue Jul 31 2018 09:28:14 GMT+0800 (中国标准时间)】:error
{"message":"get balance error"}
=================================【Tue Jul 31 2018 09:28:14 GMT+0800 (中国标准时间)】:error
{"message":"get balance error"}
=================================【Tue Jul 31 2018 09:28:14 GMT+0800 (中国标准时间)】:error
{"message":"get balance error"}
=================================【Tue Jul 31 2018 09:28:14 GMT+0800 (中国标准时间)】:error
{"message":"get balance error"}
=================================【Tue Jul 31 2018 09:28:15 GMT+0800 (中国标准时间)】:error
{"message":"get balance error"}
=================================【Tue Jul 31 2018 09:28:15 GMT+0800 (中国标准时间)】:error
{"message":"get balance error"}
=================================【Tue Jul 31 2018 09:28:15 GMT+0800 (中国标准时间)】:error
{"message":"get balance error"}
=================================【Tue Jul 31 2018 09:28:15 GMT+0800 (中国标准时间)】:error
{"message":"get balance error"}
=================================【Tue Jul 31 2018 09:28:16 GMT+0800 (中国标准时间)】:error
{"message":"get balance error"}
=================================【Tue Jul 31 2018 09:28:16 GMT+0800 (中国标准时间)】:error
{"message":"get balance error"}
=================================【Tue Jul 31 2018 09:28:16 GMT+0800 (中国标准时间)】:error
{"message":"get balance error"}
=================================【Tue Jul 31 2018 09:28:16 GMT+0800 (中国标准时间)】:error
{"message":"get balance error"}
=================================【Tue Jul 31 2018 09:28:17 GMT+0800 (中国标准时间)】:error
{"code":4001,"message":"ocnusdt has no data"}
=================================【Tue Jul 31 2018 09:28:17 GMT+0800 (中国标准时间)】:error
{"message":"get balance error"}
=================================【Tue Jul 31 2018 09:28:17 GMT+0800 (中国标准时间)】:error
{"message":"get balance error"}
=================================【Tue Jul 31 2018 09:28:17 GMT+0800 (中国标准时间)】:error
{"message":"get balance error"}
=================================【Tue Jul 31 2018 09:28:18 GMT+0800 (中国标准时间)】:error
{"message":"get balance error"}
=================================【Tue Jul 31 2018 09:28:18 GMT+0800 (中国标准时间)】:error
{"message":"get balance error"}
=================================【Tue Jul 31 2018 09:28:18 GMT+0800 (中国标准时间)】:error
{"code":4001,"message":"ocnusdt has no data"}
=================================【Tue Jul 31 2018 09:28:19 GMT+0800 (中国标准时间)】:error
{"message":"get balance error"}
=================================【Tue Jul 31 2018 09:28:19 GMT+0800 (中国标准时间)】:error
{"message":"get balance error"}
=================================【Tue Jul 31 2018 09:28:19 GMT+0800 (中国标准时间)】:error
{"message":"get balance error"}
=================================【Tue Jul 31 2018 09:28:19 GMT+0800 (中国标准时间)】:error
{"message":"get balance error"}
=================================【Tue Jul 31 2018 09:28:20 GMT+0800 (中国标准时间)】:error
{"message":"get balance error"}
=================================【Tue Jul 31 2018 09:28:20 GMT+0800 (中国标准时间)】:error
{"message":"get balance error"}
=================================【Tue Jul 31 2018 09:28:20 GMT+0800 (中国标准时间)】:error
{"message":"get balance error"}
=================================【Tue Jul 31 2018 09:28:20 GMT+0800 (中国标准时间)】:error
{"message":"get balance error"}
=================================【Tue Jul 31 2018 09:28:21 GMT+0800 (中国标准时间)】:error
{"message":"get balance error"}
=================================【Tue Jul 31 2018 09:28:21 GMT+0800 (中国标准时间)】:error
{"message":"get balance error"}
=================================【Tue Jul 31 2018 09:28:21 GMT+0800 (中国标准时间)】:error
{"message":"get balance error"}
=================================【Tue Jul 31 2018 09:28:21 GMT+0800 (中国标准时间)】:error
{"message":"get balance error"}
=================================【Tue Jul 31 2018 09:28:22 GMT+0800 (中国标准时间)】:error
{"message":"get balance error"}
=================================【Tue Jul 31 2018 09:28:22 GMT+0800 (中国标准时间)】:error
{"code":4001,"message":"ocnusdt has no data"}
=================================【Tue Jul 31 2018 09:28:22 GMT+0800 (中国标准时间)】:error
{"message":"get balance error"}
=================================【Tue Jul 31 2018 09:28:23 GMT+0800 (中国标准时间)】:error
{"code":4001,"message":"ocnusdt has no data"}
=================================【Tue Jul 31 2018 09:28:23 GMT+0800 (中国标准时间)】:error
{"code":4001,"message":"btcusdt has no data"}
=================================【Tue Jul 31 2018 09:28:24 GMT+0800 (中国标准时间)】:error
{"message":"get balance error"}
=================================【Tue Jul 31 2018 09:28:24 GMT+0800 (中国标准时间)】:error
{"message":"get balance error"}
=================================【Tue Jul 31 2018 09:28:24 GMT+0800 (中国标准时间)】:error
{"message":"get balance error"}
=================================【Tue Jul 31 2018 09:28:24 GMT+0800 (中国标准时间)】:error
{"message":"get balance error"}
=================================【Tue Jul 31 2018 09:28:24 GMT+0800 (中国标准时间)】:error
{"message":"get balance error"}
=================================【Tue Jul 31 2018 09:28:25 GMT+0800 (中国标准时间)】:error
{"message":"get balance error"}
=================================【Tue Jul 31 2018 09:28:25 GMT+0800 (中国标准时间)】:error
{"message":"get balance error"}
=================================【Tue Jul 31 2018 09:28:25 GMT+0800 (中国标准时间)】:error
{"message":"get balance error"}
=================================【Tue Jul 31 2018 09:28:26 GMT+0800 (中国标准时间)】:error
{"code":4001,"message":"ocnusdt has no data"}
=================================【Tue Jul 31 2018 09:28:26 GMT+0800 (中国标准时间)】:error
{"message":"get balance error"}
=================================【Tue Jul 31 2018 09:28:26 GMT+0800 (中国标准时间)】:error
{"message":"get balance error"}
=================================【Tue Jul 31 2018 09:28:26 GMT+0800 (中国标准时间)】:error
{"message":"get balance error"}
=================================【Tue Jul 31 2018 09:28:27 GMT+0800 (中国标准时间)】:error
{"code":4001,"message":"ocnusdt has no data"}
=================================【Tue Jul 31 2018 09:28:27 GMT+0800 (中国标准时间)】:error
{"message":"get balance error"}
=================================【Tue Jul 31 2018 09:28:27 GMT+0800 (中国标准时间)】:error
{"message":"get balance error"}
=================================【Tue Jul 31 2018 09:28:28 GMT+0800 (中国标准时间)】:error
{"code":4001,"message":"ocnusdt has no data"}
=================================【Tue Jul 31 2018 09:28:28 GMT+0800 (中国标准时间)】:error
{"message":"get balance error"}
=================================【Tue Jul 31 2018 09:28:28 GMT+0800 (中国标准时间)】:error
{"message":"get balance error"}
=================================【Tue Jul 31 2018 09:28:29 GMT+0800 (中国标准时间)】:error
{"code":4001,"message":"ocnusdt has no data"}
=================================【Tue Jul 31 2018 09:28:29 GMT+0800 (中国标准时间)】:error
{"message":"get balance error"}
=================================【Tue Jul 31 2018 09:28:29 GMT+0800 (中国标准时间)】:error
{"message":"get balance error"}
=================================【Tue Jul 31 2018 09:28:30 GMT+0800 (中国标准时间)】:error
{"message":"get balance error"}
=================================【Tue Jul 31 2018 09:28:30 GMT+0800 (中国标准时间)】:error
{"message":"get balance error"}
=================================【Tue Jul 31 2018 09:28:30 GMT+0800 (中国标准时间)】:error
{"message":"get balance error"}
=================================【Tue Jul 31 2018 09:28:30 GMT+0800 (中国标准时间)】:error
{"message":"get balance error"}
=================================【Tue Jul 31 2018 09:28:31 GMT+0800 (中国标准时间)】:error
{"message":"get balance error"}
=================================【Tue Jul 31 2018 09:28:31 GMT+0800 (中国标准时间)】:error
{"message":"get balance error"}
=================================【Tue Jul 31 2018 09:28:31 GMT+0800 (中国标准时间)】:error
{"message":"get balance error"}
=================================【Tue Jul 31 2018 09:28:31 GMT+0800 (中国标准时间)】:error
{"message":"get balance error"}
=================================【Tue Jul 31 2018 09:28:32 GMT+0800 (中国标准时间)】:error
{"message":"get balance error"}
=================================【Tue Jul 31 2018 09:28:32 GMT+0800 (中国标准时间)】:error
{"code":4001,"message":"ocnusdt has no data"}
=================================【Tue Jul 31 2018 09:28:32 GMT+0800 (中国标准时间)】:error
{"message":"get balance error"}
=================================【Tue Jul 31 2018 09:28:32 GMT+0800 (中国标准时间)】:error
{"message":"get balance error"}
=================================【Tue Jul 31 2018 09:28:33 GMT+0800 (中国标准时间)】:error
{"message":"get balance error"}
=================================【Tue Jul 31 2018 09:28:33 GMT+0800 (中国标准时间)】:error
{"message":"get balance error"}
=================================【Tue Jul 31 2018 09:28:33 GMT+0800 (中国标准时间)】:error
{"message":"get balance error"}
=================================【Tue Jul 31 2018 09:28:33 GMT+0800 (中国标准时间)】:error
{"message":"get balance error"}
=================================【Tue Jul 31 2018 09:28:34 GMT+0800 (中国标准时间)】:error
{"message":"get balance error"}
=================================【Tue Jul 31 2018 09:28:34 GMT+0800 (中国标准时间)】:error
{"message":"get balance error"}
=================================【Tue Jul 31 2018 09:28:34 GMT+0800 (中国标准时间)】:error
{"message":"get balance error"}
=================================【Tue Jul 31 2018 09:28:34 GMT+0800 (中国标准时间)】:error
{"message":"get balance error"}
=================================【Tue Jul 31 2018 09:28:35 GMT+0800 (中国标准时间)】:error
{"message":"get balance error"}
=================================【Tue Jul 31 2018 09:28:35 GMT+0800 (中国标准时间)】:error
{"message":"get balance error"}
=================================【Tue Jul 31 2018 09:28:35 GMT+0800 (中国标准时间)】:error
{"message":"get balance error"}
=================================【Tue Jul 31 2018 09:28:35 GMT+0800 (中国标准时间)】:error
{"message":"get balance error"}
=================================【Tue Jul 31 2018 09:28:36 GMT+0800 (中国标准时间)】:error
{"message":"get balance error"}
=================================【Tue Jul 31 2018 09:28:36 GMT+0800 (中国标准时间)】:error
{"message":"get balance error"}
=================================【Tue Jul 31 2018 09:28:36 GMT+0800 (中国标准时间)】:error
{"message":"get balance error"}
=================================【Tue Jul 31 2018 09:28:36 GMT+0800 (中国标准时间)】:error
{"message":"get balance error"}
=================================【Tue Jul 31 2018 09:28:37 GMT+0800 (中国标准时间)】:error
{"message":"get balance error"}
=================================【Tue Jul 31 2018 09:28:37 GMT+0800 (中国标准时间)】:error
{"message":"get balance error"}
=================================【Tue Jul 31 2018 09:28:37 GMT+0800 (中国标准时间)】:error
{"message":"get balance error"}
=================================【Tue Jul 31 2018 09:28:37 GMT+0800 (中国标准时间)】:error
{"message":"get balance error"}
=================================【Tue Jul 31 2018 09:28:38 GMT+0800 (中国标准时间)】:error
{"message":"get balance error"}
=================================【Tue Jul 31 2018 09:28:38 GMT+0800 (中国标准时间)】:error
{"code":4001,"message":"ocnusdt has no data"}
=================================【Tue Jul 31 2018 09:28:38 GMT+0800 (中国标准时间)】:error
{"message":"get balance error"}
=================================【Tue Jul 31 2018 09:28:38 GMT+0800 (中国标准时间)】:error
{"message":"get balance error"}
=================================【Tue Jul 31 2018 09:28:39 GMT+0800 (中国标准时间)】:error
{"message":"get balance error"}
=================================【Tue Jul 31 2018 09:28:39 GMT+0800 (中国标准时间)】:error
{"message":"get balance error"}
=================================【Tue Jul 31 2018 09:28:39 GMT+0800 (中国标准时间)】:error
{"message":"get balance error"}
=================================【Tue Jul 31 2018 09:28:39 GMT+0800 (中国标准时间)】:error
{"message":"get balance error"}
=================================【Tue Jul 31 2018 09:28:40 GMT+0800 (中国标准时间)】:error
{"message":"get balance error"}
=================================【Tue Jul 31 2018 09:28:40 GMT+0800 (中国标准时间)】:error
{"message":"get balance error"}
=================================【Tue Jul 31 2018 09:28:40 GMT+0800 (中国标准时间)】:error
{"message":"get balance error"}
=================================【Tue Jul 31 2018 09:28:40 GMT+0800 (中国标准时间)】:error
{"message":"get balance error"}
=================================【Tue Jul 31 2018 09:28:41 GMT+0800 (中国标准时间)】:error
{"code":4001,"message":"ocnusdt has no data"}
=================================【Tue Jul 31 2018 09:28:41 GMT+0800 (中国标准时间)】:error
{"code":4001,"message":"ocnusdt has no data"}
=================================【Tue Jul 31 2018 09:28:42 GMT+0800 (中国标准时间)】:error
{"message":"get balance error"}
=================================【Tue Jul 31 2018 09:28:42 GMT+0800 (中国标准时间)】:error
{"message":"get balance error"}
=================================【Tue Jul 31 2018 09:28:42 GMT+0800 (中国标准时间)】:error
{"message":"get balance error"}
=================================【Tue Jul 31 2018 09:28:43 GMT+0800 (中国标准时间)】:error
{"message":"get balance error"}
=================================【Tue Jul 31 2018 09:28:43 GMT+0800 (中国标准时间)】:error
{"message":"get balance error"}
=================================【Tue Jul 31 2018 09:28:43 GMT+0800 (中国标准时间)】:error
{"message":"get balance error"}
=================================【Tue Jul 31 2018 09:28:43 GMT+0800 (中国标准时间)】:error
{"message":"get balance error"}
=================================【Tue Jul 31 2018 09:28:44 GMT+0800 (中国标准时间)】:error
{"message":"get balance error"}
=================================【Tue Jul 31 2018 09:28:44 GMT+0800 (中国标准时间)】:error
{"message":"get balance error"}
=================================【Tue Jul 31 2018 09:28:44 GMT+0800 (中国标准时间)】:error
{"message":"get balance error"}
=================================【Tue Jul 31 2018 09:28:44 GMT+0800 (中国标准时间)】:error
{"message":"get balance error"}
=================================【Tue Jul 31 2018 09:28:45 GMT+0800 (中国标准时间)】:error
{"code":4001,"message":"ocnusdt has no data"}
=================================【Tue Jul 31 2018 09:28:45 GMT+0800 (中国标准时间)】:error
{"message":"get balance error"}
=================================【Tue Jul 31 2018 09:28:45 GMT+0800 (中国标准时间)】:error
{"message":"get balance error"}
=================================【Tue Jul 31 2018 09:28:45 GMT+0800 (中国标准时间)】:error
{"message":"get balance error"}
=================================【Tue Jul 31 2018 09:28:46 GMT+0800 (中国标准时间)】:error
{"message":"get balance error"}
=================================【Tue Jul 31 2018 09:28:46 GMT+0800 (中国标准时间)】:error
{"message":"get balance error"}
=================================【Tue Jul 31 2018 09:28:46 GMT+0800 (中国标准时间)】:error
{"message":"get balance error"}
=================================【Tue Jul 31 2018 09:28:46 GMT+0800 (中国标准时间)】:error
{"message":"get balance error"}
=================================【Tue Jul 31 2018 09:28:46 GMT+0800 (中国标准时间)】:error
{"message":"get balance error"}
=================================【Tue Jul 31 2018 09:28:47 GMT+0800 (中国标准时间)】:error
{"code":4001,"message":"ocnusdt has no data"}
=================================【Tue Jul 31 2018 09:28:47 GMT+0800 (中国标准时间)】:error
{"message":"get balance error"}
=================================【Tue Jul 31 2018 09:28:47 GMT+0800 (中国标准时间)】:error
{"message":"get balance error"}
=================================【Tue Jul 31 2018 09:28:48 GMT+0800 (中国标准时间)】:error
{"code":4001,"message":"ocnusdt has no data"}
=================================【Tue Jul 31 2018 09:28:48 GMT+0800 (中国标准时间)】:error
{"message":"get balance error"}
=================================【Tue Jul 31 2018 09:28:48 GMT+0800 (中国标准时间)】:error
{"message":"get balance error"}
=================================【Tue Jul 31 2018 09:28:48 GMT+0800 (中国标准时间)】:error
{"message":"get balance error"}
=================================【Tue Jul 31 2018 09:28:49 GMT+0800 (中国标准时间)】:error
{"message":"get balance error"}
=================================【Tue Jul 31 2018 09:28:49 GMT+0800 (中国标准时间)】:error
{"message":"get balance error"}
=================================【Tue Jul 31 2018 09:28:49 GMT+0800 (中国标准时间)】:error
{"message":"get balance error"}
=================================【Tue Jul 31 2018 09:28:49 GMT+0800 (中国标准时间)】:error
{"message":"get balance error"}
=================================【Tue Jul 31 2018 09:28:50 GMT+0800 (中国标准时间)】:error
{"message":"get balance error"}
=================================【Tue Jul 31 2018 09:28:50 GMT+0800 (中国标准时间)】:error
{"message":"get balance error"}
=================================【Tue Jul 31 2018 09:28:50 GMT+0800 (中国标准时间)】:error
{"code":4001,"message":"ocnusdt has no data"}
=================================【Tue Jul 31 2018 09:28:51 GMT+0800 (中国标准时间)】:error
{"code":4001,"message":"ocnusdt has no data"}
=================================【Tue Jul 31 2018 09:28:51 GMT+0800 (中国标准时间)】:error
{"message":"get balance error"}
=================================【Tue Jul 31 2018 09:28:51 GMT+0800 (中国标准时间)】:error
{"message":"get balance error"}
=================================【Tue Jul 31 2018 09:28:52 GMT+0800 (中国标准时间)】:error
{"message":"get balance error"}
=================================【Tue Jul 31 2018 09:28:52 GMT+0800 (中国标准时间)】:error
{"message":"get balance error"}
=================================【Tue Jul 31 2018 09:28:52 GMT+0800 (中国标准时间)】:error
{"message":"get balance error"}
=================================【Tue Jul 31 2018 09:28:52 GMT+0800 (中国标准时间)】:error
{"message":"get balance error"}
=================================【Tue Jul 31 2018 09:28:52 GMT+0800 (中国标准时间)】:error
{"message":"get balance error"}
=================================【Tue Jul 31 2018 09:28:53 GMT+0800 (中国标准时间)】:error
{"message":"get balance error"}
=================================【Tue Jul 31 2018 09:28:53 GMT+0800 (中国标准时间)】:error
{"message":"get balance error"}
=================================【Tue Jul 31 2018 09:28:53 GMT+0800 (中国标准时间)】:error
{"message":"get balance error"}
=================================【Tue Jul 31 2018 09:28:53 GMT+0800 (中国标准时间)】:error
{"message":"get balance error"}
=================================【Tue Jul 31 2018 09:28:54 GMT+0800 (中国标准时间)】:error
{"message":"get balance error"}
=================================【Tue Jul 31 2018 09:28:54 GMT+0800 (中国标准时间)】:error
{"message":"get balance error"}
=================================【Tue Jul 31 2018 09:28:54 GMT+0800 (中国标准时间)】:error
{"message":"get balance error"}
=================================【Tue Jul 31 2018 09:28:55 GMT+0800 (中国标准时间)】:error
{"message":"get balance error"}
=================================【Tue Jul 31 2018 09:28:55 GMT+0800 (中国标准时间)】:error
{"message":"get balance error"}
=================================【Tue Jul 31 2018 09:28:55 GMT+0800 (中国标准时间)】:error
{"message":"get balance error"}
=================================【Tue Jul 31 2018 09:28:55 GMT+0800 (中国标准时间)】:error
{"message":"get balance error"}
=================================【Tue Jul 31 2018 09:28:55 GMT+0800 (中国标准时间)】:error
{"message":"get balance error"}
=================================【Tue Jul 31 2018 09:28:56 GMT+0800 (中国标准时间)】:error
{"message":"get balance error"}
=================================【Tue Jul 31 2018 09:28:56 GMT+0800 (中国标准时间)】:error
{"message":"get balance error"}
=================================【Tue Jul 31 2018 09:28:56 GMT+0800 (中国标准时间)】:error
{"message":"get balance error"}
=================================【Tue Jul 31 2018 09:28:56 GMT+0800 (中国标准时间)】:error
{"message":"get balance error"}
=================================【Tue Jul 31 2018 09:28:57 GMT+0800 (中国标准时间)】:error
{"message":"get balance error"}
=================================【Tue Jul 31 2018 09:28:57 GMT+0800 (中国标准时间)】:error
{"message":"get balance error"}
=================================【Tue Jul 31 2018 09:28:57 GMT+0800 (中国标准时间)】:error
{"message":"get balance error"}
=================================【Tue Jul 31 2018 09:28:57 GMT+0800 (中国标准时间)】:error
{"message":"get balance error"}
=================================【Tue Jul 31 2018 09:28:58 GMT+0800 (中国标准时间)】:error
{"message":"get balance error"}
=================================【Tue Jul 31 2018 09:28:58 GMT+0800 (中国标准时间)】:error
{"message":"get balance error"}
=================================【Tue Jul 31 2018 09:28:58 GMT+0800 (中国标准时间)】:error
{"message":"get balance error"}
=================================【Tue Jul 31 2018 09:28:58 GMT+0800 (中国标准时间)】:error
{"message":"get balance error"}
=================================【Tue Jul 31 2018 09:28:59 GMT+0800 (中国标准时间)】:error
{"message":"get balance error"}
=================================【Tue Jul 31 2018 09:28:59 GMT+0800 (中国标准时间)】:error
{"message":"get balance error"}
=================================【Tue Jul 31 2018 09:28:59 GMT+0800 (中国标准时间)】:error
{"message":"get balance error"}
=================================【Tue Jul 31 2018 09:28:59 GMT+0800 (中国标准时间)】:error
{"message":"get balance error"}
=================================【Tue Jul 31 2018 09:28:59 GMT+0800 (中国标准时间)】:error
{"message":"get balance error"}
=================================【Tue Jul 31 2018 09:29:00 GMT+0800 (中国标准时间)】:error
{"message":"get balance error"}
=================================【Tue Jul 31 2018 09:29:00 GMT+0800 (中国标准时间)】:error
{"message":"get balance error"}
=================================【Tue Jul 31 2018 09:29:00 GMT+0800 (中国标准时间)】:error
{"message":"get balance error"}
=================================【Tue Jul 31 2018 09:29:00 GMT+0800 (中国标准时间)】:error
{"message":"get balance error"}
=================================【Tue Jul 31 2018 09:29:01 GMT+0800 (中国标准时间)】:error
{"message":"get balance error"}
=================================【Tue Jul 31 2018 09:29:01 GMT+0800 (中国标准时间)】:error
{"message":"get balance error"}
=================================【Tue Jul 31 2018 09:29:01 GMT+0800 (中国标准时间)】:error
{"message":"get balance error"}
=================================【Tue Jul 31 2018 09:29:01 GMT+0800 (中国标准时间)】:error
{"message":"get balance error"}
=================================【Tue Jul 31 2018 09:29:02 GMT+0800 (中国标准时间)】:error
{"message":"get balance error"}
=================================【Tue Jul 31 2018 09:29:02 GMT+0800 (中国标准时间)】:error
{"message":"get balance error"}
=================================【Tue Jul 31 2018 09:29:02 GMT+0800 (中国标准时间)】:error
{"message":"get balance error"}
=================================【Tue Jul 31 2018 09:29:02 GMT+0800 (中国标准时间)】:error
{"message":"get balance error"}
=================================【Tue Jul 31 2018 09:29:02 GMT+0800 (中国标准时间)】:error
{"message":"get balance error"}
=================================【Tue Jul 31 2018 09:29:03 GMT+0800 (中国标准时间)】:error
{"message":"get balance error"}
=================================【Tue Jul 31 2018 09:29:03 GMT+0800 (中国标准时间)】:error
{"message":"get balance error"}
=================================【Tue Jul 31 2018 09:29:03 GMT+0800 (中国标准时间)】:error
{"message":"get balance error"}
=================================【Tue Jul 31 2018 09:29:04 GMT+0800 (中国标准时间)】:error
{"message":"get balance error"}
=================================【Tue Jul 31 2018 09:29:04 GMT+0800 (中国标准时间)】:error
{"message":"get balance error"}
=================================【Tue Jul 31 2018 09:29:04 GMT+0800 (中国标准时间)】:error
{"message":"get balance error"}
=================================【Tue Jul 31 2018 09:29:04 GMT+0800 (中国标准时间)】:error
{"message":"get balance error"}
=================================【Tue Jul 31 2018 09:29:05 GMT+0800 (中国标准时间)】:error
{"message":"get balance error"}
=================================【Tue Jul 31 2018 09:29:05 GMT+0800 (中国标准时间)】:error
{"message":"get balance error"}
=================================【Tue Jul 31 2018 09:29:05 GMT+0800 (中国标准时间)】:error
{"message":"get balance error"}
=================================【Tue Jul 31 2018 09:29:06 GMT+0800 (中国标准时间)】:error
{"code":4001,"message":"ocnusdt has no data"}
=================================【Tue Jul 31 2018 09:29:06 GMT+0800 (中国标准时间)】:error
{"message":"get balance error"}
=================================【Tue Jul 31 2018 09:29:06 GMT+0800 (中国标准时间)】:error
{"message":"get balance error"}
=================================【Tue Jul 31 2018 09:29:06 GMT+0800 (中国标准时间)】:error
{"message":"get balance error"}
=================================【Tue Jul 31 2018 09:29:07 GMT+0800 (中国标准时间)】:error
{"message":"get balance error"}
=================================【Tue Jul 31 2018 09:29:07 GMT+0800 (中国标准时间)】:error
{"message":"get balance error"}
=================================【Tue Jul 31 2018 09:29:07 GMT+0800 (中国标准时间)】:error
{"message":"get balance error"}
=================================【Tue Jul 31 2018 09:29:07 GMT+0800 (中国标准时间)】:error
{"message":"get balance error"}
=================================【Tue Jul 31 2018 09:29:08 GMT+0800 (中国标准时间)】:error
{"message":"get balance error"}
=================================【Tue Jul 31 2018 09:29:08 GMT+0800 (中国标准时间)】:error
{"message":"get balance error"}
=================================【Tue Jul 31 2018 09:29:08 GMT+0800 (中国标准时间)】:error
{"message":"get balance error"}
=================================【Tue Jul 31 2018 09:29:08 GMT+0800 (中国标准时间)】:error
{"message":"get balance error"}
=================================【Tue Jul 31 2018 09:29:09 GMT+0800 (中国标准时间)】:error
{"message":"get balance error"}
=================================【Tue Jul 31 2018 09:29:09 GMT+0800 (中国标准时间)】:error
{"message":"get balance error"}
=================================【Tue Jul 31 2018 09:29:09 GMT+0800 (中国标准时间)】:error
{"code":4001,"message":"ocnusdt has no data"}
=================================【Tue Jul 31 2018 09:29:09 GMT+0800 (中国标准时间)】:error
{"message":"get balance error"}
=================================【Tue Jul 31 2018 09:29:10 GMT+0800 (中国标准时间)】:error
{"message":"get balance error"}
=================================【Tue Jul 31 2018 09:29:10 GMT+0800 (中国标准时间)】:error
{"message":"get balance error"}
=================================【Tue Jul 31 2018 09:29:10 GMT+0800 (中国标准时间)】:error
{"message":"get balance error"}
=================================【Tue Jul 31 2018 09:29:10 GMT+0800 (中国标准时间)】:error
{"message":"get balance error"}
=================================【Tue Jul 31 2018 09:29:11 GMT+0800 (中国标准时间)】:error
{"message":"get balance error"}
=================================【Tue Jul 31 2018 09:29:11 GMT+0800 (中国标准时间)】:error
{"message":"get balance error"}
=================================【Tue Jul 31 2018 09:29:11 GMT+0800 (中国标准时间)】:error
{"message":"get balance error"}
=================================【Tue Jul 31 2018 09:29:11 GMT+0800 (中国标准时间)】:error
{"message":"get balance error"}
=================================【Tue Jul 31 2018 11:18:34 GMT+0800 (中国标准时间)】:trade
{"order":[{"amount":2453.102453102453,"price":0.00693,"type":"buy-limit","symbol":"ocnusdt"},{"amount":2448.1962481962482,"price":8.58e-7,"type":"sell-limit","symbol":"ocnbtc"},{"amount":0.0020963512761904765,"price":8127.61,"type":"sell-limit","symbol":"btcusdt"}]}
in_dif_val:-0.3368367288921732
out_dif_val:0.004248944686722211
market : {"buy":{"ocnusdt":0.00693,"ocnbtc":8.584e-7,"btcusdt":8127.965},"sell":{"ocnusdt":0.00688,"ocnbtc":8.58e-7,"btcusdt":8127.61}}
orderids : 8977702281,8977702438,8977702827

=================================【Tue Jul 31 2018 12:51:10 GMT+0800 (中国标准时间)】:trade
{"order":[{"amount":2372.9759910664434,"price":0.007164,"type":"buy-limit","symbol":"ocnusdt"},{"amount":2368.2300390843106,"price":8.89e-7,"type":"sell-limit","symbol":"ocnbtc"},{"amount":0.0021011457917364603,"price":8125.45,"type":"sell-limit","symbol":"btcusdt"}]}
in_dif_val:-0.361740547779398
out_dif_val:0.03860956331809007
market : {"buy":{"ocnusdt":0.007164,"ocnbtc":8.8988e-7,"btcusdt":8126.081999999999},"sell":{"ocnusdt":0.00712,"ocnbtc":8.89e-7,"btcusdt":8125.45}}
orderids : 8982045741,8982046014,8982046191

=================================【Tue Jul 31 2018 13:03:43 GMT+0800 (中国标准时间)】:trade
{"order":[{"amount":2388.311323405451,"price":0.007118,"type":"buy-limit","symbol":"ocnusdt"},{"amount":2383.5347007586397,"price":8.819e-7,"type":"sell-limit","symbol":"ocnbtc"},{"amount":0.002097835174093846,"price":8119.86,"type":"sell-limit","symbol":"btcusdt"}]}
in_dif_val:-0.3085984708948999
out_dif_val:0.00005966088421871518
market : {"buy":{"ocnusdt":0.007118,"ocnbtc":8.8398e-7,"btcusdt":8119.915999999999},"sell":{"ocnusdt":0.00709,"ocnbtc":8.819e-7,"btcusdt":8119.86}}
orderids : 8982628613,8982628907,8982629131

=================================【Tue Jul 31 2018 14:31:32 GMT+0800 (中国标准时间)】:trade
{"order":[{"amount":2449.5677233429396,"price":0.00694,"type":"buy-limit","symbol":"ocnusdt"},{"amount":2444.668587896254,"price":8.589e-7,"type":"sell-limit","symbol":"ocnbtc"},{"amount":0.0020955263984438043,"price":8144.65,"type":"sell-limit","symbol":"btcusdt"}]}
in_dif_val:-0.3813327549130605
out_dif_val:0.03319442292315955
market : {"buy":{"ocnusdt":0.00694,"ocnbtc":8.6138e-7,"btcusdt":8145.142},"sell":{"ocnusdt":0.0069,"ocnbtc":8.589e-7,"btcusdt":8144.65}}
orderids : 8986828431,8986828677,8986828944

=================================【Tue Jul 31 2018 15:21:43 GMT+0800 (中国标准时间)】:trade
{"order":[{"amount":4304.16068866571,"price":0.0069700000000000005,"type":"buy-limit","symbol":"ocnusdt"},{"amount":4295.552367288378,"price":8.627e-7,"type":"sell-limit","symbol":"ocnbtc"},{"amount":0.0036983614812051645,"price":8128.09,"type":"sell-limit","symbol":"btcusdt"}]}
in_dif_val:-0.40809885765512277
out_dif_val:0.0004937418253483372
market : {"buy":{"ocnusdt":0.0069700000000000005,"ocnbtc":8.6286e-7,"btcusdt":8128.472000000001},"sell":{"ocnusdt":0.00696,"ocnbtc":8.627e-7,"btcusdt":8128.09}}
orderids : 8989124389,8989124592,8989124897

=================================